
 /----------------------------------------------------------------------------\
 |  yosys -- Yosys Open SYnthesis Suite                                       |
 |  Copyright (C) 2012 - 2025  Claire Xenia Wolf <claire@yosyshq.com>         |
 |  Distributed under an ISC-like license, type "license" to see terms        |
 \----------------------------------------------------------------------------/
 Yosys 0.53+81 (git sha1 378add372, g++ 14.2.0-19ubuntu2 -fPIC -O3)

-- Parsing `mult_32.v' using frontend ` -vlog2k' --

1. Executing Verilog-2005 frontend: mult_32.v
Parsing Verilog input from `mult_32.v' to AST representation.
Storing AST representation for module `$abstract\mult_32'.
Successfully finished Verilog frontend.

-- Parsing `acc.v' using frontend ` -vlog2k' --

2. Executing Verilog-2005 frontend: acc.v
Parsing Verilog input from `acc.v' to AST representation.
Storing AST representation for module `$abstract\acc'.
Successfully finished Verilog frontend.

-- Parsing `comp.v' using frontend ` -vlog2k' --

3. Executing Verilog-2005 frontend: comp.v
Parsing Verilog input from `comp.v' to AST representation.
Storing AST representation for module `$abstract\comp'.
Successfully finished Verilog frontend.

-- Parsing `control_mult.v' using frontend ` -vlog2k' --

4. Executing Verilog-2005 frontend: control_mult.v
Parsing Verilog input from `control_mult.v' to AST representation.
Storing AST representation for module `$abstract\control_mult'.
Successfully finished Verilog frontend.

-- Parsing `lsr.v' using frontend ` -vlog2k' --

5. Executing Verilog-2005 frontend: lsr.v
Parsing Verilog input from `lsr.v' to AST representation.
Storing AST representation for module `$abstract\lsr'.
Successfully finished Verilog frontend.

-- Parsing `rsr.v' using frontend ` -vlog2k' --

6. Executing Verilog-2005 frontend: rsr.v
Parsing Verilog input from `rsr.v' to AST representation.
Storing AST representation for module `$abstract\rsr'.
Successfully finished Verilog frontend.

-- Running command `synth_ecp5 -top mult_32 -json mult_32.json; write_verilog -attr2comment mult_32_synth.v' --

7. Executing SYNTH_ECP5 pass.

7.1. Executing Verilog-2005 frontend: /usr/local/bin/../share/yosys/ecp5/cells_sim.v
Parsing Verilog input from `/usr/local/bin/../share/yosys/ecp5/cells_sim.v' to AST representation.
Generating RTLIL representation for module `\LUT4'.
Generating RTLIL representation for module `\$__ABC9_LUT5'.
Generating RTLIL representation for module `\$__ABC9_LUT6'.
Generating RTLIL representation for module `\$__ABC9_LUT7'.
Generating RTLIL representation for module `\L6MUX21'.
Generating RTLIL representation for module `\CCU2C'.
Generating RTLIL representation for module `\TRELLIS_RAM16X2'.
Generating RTLIL representation for module `\PFUMX'.
Generating RTLIL representation for module `\TRELLIS_DPR16X4'.
Generating RTLIL representation for module `\DPR16X4C'.
Generating RTLIL representation for module `\LUT2'.
Generating RTLIL representation for module `\TRELLIS_FF'.
Generating RTLIL representation for module `\TRELLIS_IO'.
Generating RTLIL representation for module `\INV'.
Generating RTLIL representation for module `\TRELLIS_COMB'.
Generating RTLIL representation for module `\DP16KD'.
Generating RTLIL representation for module `\FD1P3AX'.
Generating RTLIL representation for module `\FD1P3AY'.
Generating RTLIL representation for module `\FD1P3BX'.
Generating RTLIL representation for module `\FD1P3DX'.
Generating RTLIL representation for module `\FD1P3IX'.
Generating RTLIL representation for module `\FD1P3JX'.
Generating RTLIL representation for module `\FD1S3AX'.
Generating RTLIL representation for module `\FD1S3AY'.
Generating RTLIL representation for module `\FD1S3BX'.
Generating RTLIL representation for module `\FD1S3DX'.
Generating RTLIL representation for module `\FD1S3IX'.
Generating RTLIL representation for module `\FD1S3JX'.
Generating RTLIL representation for module `\IFS1P3BX'.
Generating RTLIL representation for module `\IFS1P3DX'.
Generating RTLIL representation for module `\IFS1P3IX'.
Generating RTLIL representation for module `\IFS1P3JX'.
Generating RTLIL representation for module `\OFS1P3BX'.
Generating RTLIL representation for module `\OFS1P3DX'.
Generating RTLIL representation for module `\OFS1P3IX'.
Generating RTLIL representation for module `\OFS1P3JX'.
Generating RTLIL representation for module `\IB'.
Generating RTLIL representation for module `\IBPU'.
Generating RTLIL representation for module `\IBPD'.
Generating RTLIL representation for module `\OB'.
Generating RTLIL representation for module `\OBZ'.
Generating RTLIL representation for module `\OBZPU'.
Generating RTLIL representation for module `\OBZPD'.
Generating RTLIL representation for module `\OBCO'.
Generating RTLIL representation for module `\BB'.
Generating RTLIL representation for module `\BBPU'.
Generating RTLIL representation for module `\BBPD'.
Generating RTLIL representation for module `\ILVDS'.
Generating RTLIL representation for module `\OLVDS'.
Successfully finished Verilog frontend.

7.2. Executing Verilog-2005 frontend: /usr/local/bin/../share/yosys/ecp5/cells_bb.v
Parsing Verilog input from `/usr/local/bin/../share/yosys/ecp5/cells_bb.v' to AST representation.
Generating RTLIL representation for module `\MULT18X18D'.
Generating RTLIL representation for module `\ALU54B'.
Generating RTLIL representation for module `\EHXPLLL'.
Generating RTLIL representation for module `\DTR'.
Generating RTLIL representation for module `\OSCG'.
Generating RTLIL representation for module `\USRMCLK'.
Generating RTLIL representation for module `\JTAGG'.
Generating RTLIL representation for module `\DELAYF'.
Generating RTLIL representation for module `\DELAYG'.
Generating RTLIL representation for module `\IDDRX1F'.
Generating RTLIL representation for module `\IDDRX2F'.
Generating RTLIL representation for module `\IDDR71B'.
Generating RTLIL representation for module `\IDDRX2DQA'.
Generating RTLIL representation for module `\ODDRX1F'.
Generating RTLIL representation for module `\ODDRX2F'.
Generating RTLIL representation for module `\ODDR71B'.
Generating RTLIL representation for module `\OSHX2A'.
Generating RTLIL representation for module `\ODDRX2DQA'.
Generating RTLIL representation for module `\ODDRX2DQSB'.
Generating RTLIL representation for module `\TSHX2DQA'.
Generating RTLIL representation for module `\TSHX2DQSA'.
Generating RTLIL representation for module `\DQSBUFM'.
Generating RTLIL representation for module `\DDRDLLA'.
Generating RTLIL representation for module `\DLLDELD'.
Generating RTLIL representation for module `\CLKDIVF'.
Generating RTLIL representation for module `\ECLKSYNCB'.
Generating RTLIL representation for module `\ECLKBRIDGECS'.
Generating RTLIL representation for module `\DCCA'.
Generating RTLIL representation for module `\DCSC'.
Generating RTLIL representation for module `\DCUA'.
Generating RTLIL representation for module `\EXTREFB'.
Generating RTLIL representation for module `\PCSCLKDIV'.
Generating RTLIL representation for module `\PUR'.
Generating RTLIL representation for module `\GSR'.
Generating RTLIL representation for module `\SGSR'.
Generating RTLIL representation for module `\PDPW16KD'.
Successfully finished Verilog frontend.

7.3. Executing HIERARCHY pass (managing design hierarchy).

7.4. Executing AST frontend in derive mode using pre-parsed AST for module `\mult_32'.
Generating RTLIL representation for module `\mult_32'.

7.4.1. Analyzing design hierarchy..
Top module:  \mult_32

7.4.2. Executing AST frontend in derive mode using pre-parsed AST for module `\control_mult'.
Generating RTLIL representation for module `\control_mult'.

7.4.3. Executing AST frontend in derive mode using pre-parsed AST for module `\acc'.
Generating RTLIL representation for module `\acc'.

7.4.4. Executing AST frontend in derive mode using pre-parsed AST for module `\comp'.
Generating RTLIL representation for module `\comp'.

7.4.5. Executing AST frontend in derive mode using pre-parsed AST for module `\lsr'.
Generating RTLIL representation for module `\lsr'.

7.4.6. Executing AST frontend in derive mode using pre-parsed AST for module `\rsr'.
Generating RTLIL representation for module `\rsr'.

7.4.7. Analyzing design hierarchy..
Top module:  \mult_32
Used module:     \control_mult
Used module:     \acc
Used module:     \comp
Used module:     \lsr
Used module:     \rsr

7.4.8. Analyzing design hierarchy..
Top module:  \mult_32
Used module:     \control_mult
Used module:     \acc
Used module:     \comp
Used module:     \lsr
Used module:     \rsr
Removing unused module `$abstract\rsr'.
Removing unused module `$abstract\lsr'.
Removing unused module `$abstract\control_mult'.
Removing unused module `$abstract\comp'.
Removing unused module `$abstract\acc'.
Removing unused module `$abstract\mult_32'.
Removed 6 unused modules.

7.5. Executing PROC pass (convert processes to netlists).

7.5.1. Executing PROC_CLEAN pass (remove empty switches from decision trees).
Cleaned up 0 empty switches.

7.5.2. Executing PROC_RMDEAD pass (remove dead branches from decision trees).
Marked 2 switch rules as full_case in process $proc$rsr.v:8$240 in module rsr.
Marked 2 switch rules as full_case in process $proc$lsr.v:8$238 in module lsr.
Marked 2 switch rules as full_case in process $proc$acc.v:10$231 in module acc.
Marked 5 switch rules as full_case in process $proc$control_mult.v:34$226 in module control_mult.
Removed a total of 0 dead cases.

7.5.3. Executing PROC_PRUNE pass (remove redundant assignments in processes).
Removed 0 redundant assignments.
Promoted 17 assignments to connections.

7.5.4. Executing PROC_INIT pass (extract init attributes).
Found init rule in `\comp.$proc$comp.v:0$237'.
  Set init value: \tmp = 1'0
Found init rule in `\acc.$proc$acc.v:0$233'.
  Set init value: \pp = 0
Found init rule in `\control_mult.$proc$control_mult.v:0$230'.
  Set init value: \done = 1'0
  Set init value: \add = 1'0
  Set init value: \sh = 1'0
  Set init value: \reset = 1'0
  Set init value: \state = 3'000

7.5.5. Executing PROC_ARST pass (detect async resets in processes).

7.5.6. Executing PROC_ROM pass (convert switches to ROMs).
Converted 0 switches.
<suppressed ~11 debug messages>

7.5.7. Executing PROC_MUX pass (convert decision trees to multiplexers).
Creating decoders for process `\rsr.$proc$rsr.v:8$240'.
     1/2: $2\s_B[15:0]
     2/2: $1\s_B[15:0]
Creating decoders for process `\lsr.$proc$lsr.v:8$238'.
     1/2: $2\s_A[31:0]
     2/2: $1\s_A[31:0]
Creating decoders for process `\comp.$proc$comp.v:0$237'.
Creating decoders for process `\comp.$proc$comp.v:9$234'.
Creating decoders for process `\acc.$proc$acc.v:0$233'.
Creating decoders for process `\acc.$proc$acc.v:10$231'.
     1/2: $2\pp[31:0]
     2/2: $1\pp[31:0]
Creating decoders for process `\control_mult.$proc$control_mult.v:0$230'.
Creating decoders for process `\control_mult.$proc$control_mult.v:34$226'.
     1/15: $5\state[2:0]
     2/15: $4\state[2:0]
     3/15: $3\state[2:0]
     4/15: $2\state[2:0]
     5/15: $2\count[3:0]
     6/15: $2\add[0:0]
     7/15: $2\reset[0:0]
     8/15: $2\sh[0:0]
     9/15: $2\done[0:0]
    10/15: $1\state[2:0]
    11/15: $1\count[3:0]
    12/15: $1\reset[0:0]
    13/15: $1\sh[0:0]
    14/15: $1\add[0:0]
    15/15: $1\done[0:0]

7.5.8. Executing PROC_DLATCH pass (convert process syncs to latches).
No latch inferred for signal `\comp.\tmp' from process `\comp.$proc$comp.v:9$234'.
Removing init bit 1'0 for non-memory siginal `\comp.\tmp` in process `\comp.$proc$comp.v:9$234`.

7.5.9. Executing PROC_DFF pass (convert process syncs to FFs).
Creating register for signal `\rsr.\s_B' using process `\rsr.$proc$rsr.v:8$240'.
  created $dff cell `$procdff$380' with negative edge clock.
Creating register for signal `\lsr.\s_A' using process `\lsr.$proc$lsr.v:8$238'.
  created $dff cell `$procdff$381' with negative edge clock.
Creating register for signal `\acc.\pp' using process `\acc.$proc$acc.v:10$231'.
  created $dff cell `$procdff$382' with negative edge clock.
Creating register for signal `\control_mult.\done' using process `\control_mult.$proc$control_mult.v:34$226'.
  created $dff cell `$procdff$383' with positive edge clock.
Creating register for signal `\control_mult.\add' using process `\control_mult.$proc$control_mult.v:34$226'.
  created $dff cell `$procdff$384' with positive edge clock.
Creating register for signal `\control_mult.\sh' using process `\control_mult.$proc$control_mult.v:34$226'.
  created $dff cell `$procdff$385' with positive edge clock.
Creating register for signal `\control_mult.\reset' using process `\control_mult.$proc$control_mult.v:34$226'.
  created $dff cell `$procdff$386' with positive edge clock.
Creating register for signal `\control_mult.\state' using process `\control_mult.$proc$control_mult.v:34$226'.
  created $dff cell `$procdff$387' with positive edge clock.
Creating register for signal `\control_mult.\count' using process `\control_mult.$proc$control_mult.v:34$226'.
  created $dff cell `$procdff$388' with positive edge clock.

7.5.10. Executing PROC_MEMWR pass (convert process memory writes to cells).

7.5.11. Executing PROC_CLEAN pass (remove empty switches from decision trees).
Found and cleaned up 2 empty switches in `\rsr.$proc$rsr.v:8$240'.
Removing empty process `rsr.$proc$rsr.v:8$240'.
Found and cleaned up 2 empty switches in `\lsr.$proc$lsr.v:8$238'.
Removing empty process `lsr.$proc$lsr.v:8$238'.
Removing empty process `comp.$proc$comp.v:0$237'.
Removing empty process `comp.$proc$comp.v:9$234'.
Removing empty process `acc.$proc$acc.v:0$233'.
Found and cleaned up 2 empty switches in `\acc.$proc$acc.v:10$231'.
Removing empty process `acc.$proc$acc.v:10$231'.
Removing empty process `control_mult.$proc$control_mult.v:0$230'.
Found and cleaned up 5 empty switches in `\control_mult.$proc$control_mult.v:34$226'.
Removing empty process `control_mult.$proc$control_mult.v:34$226'.
Cleaned up 11 empty switches.

7.5.12. Executing OPT_EXPR pass (perform const folding).
Optimizing module rsr.
<suppressed ~1 debug messages>
Optimizing module lsr.
<suppressed ~1 debug messages>
Optimizing module comp.
<suppressed ~1 debug messages>
Optimizing module acc.
Optimizing module control_mult.
<suppressed ~7 debug messages>
Optimizing module mult_32.

7.6. Executing FLATTEN pass (flatten design).
Deleting now unused module rsr.
Deleting now unused module lsr.
Deleting now unused module comp.
Deleting now unused module acc.
Deleting now unused module control_mult.
<suppressed ~5 debug messages>

7.7. Executing TRIBUF pass.

7.8. Executing DEMINOUT pass (demote inout ports to input or output).

7.9. Executing OPT_EXPR pass (perform const folding).
Optimizing module mult_32.

7.10. Executing OPT_CLEAN pass (remove unused cells and wires).
Finding unused cells or wires in module \mult_32..
Removed 0 unused cells and 68 unused wires.
<suppressed ~1 debug messages>

7.11. Executing CHECK pass (checking for obvious problems).
Checking module mult_32...
Found and reported 0 problems.

7.12. Executing OPT pass (performing simple optimizations).

7.12.1. Executing OPT_EXPR pass (perform const folding).
Optimizing module mult_32.

7.12.2. Executing OPT_MERGE pass (detect identical cells).
Finding identical cells in module `\mult_32'.
<suppressed ~75 debug messages>
Removed a total of 25 cells.

7.12.3. Executing OPT_MUXTREE pass (detect dead branches in mux trees).
Running muxtree optimizer on module \mult_32..
  Creating internal representation of mux trees.
  Evaluating internal representation of mux trees.
  Analyzing evaluation results.
    dead port 1/2 on $mux $flatten\control0.$procmux$303.
    dead port 1/2 on $mux $flatten\control0.$procmux$313.
    dead port 1/2 on $mux $flatten\acc0.$procmux$264.
    dead port 1/2 on $mux $flatten\control0.$procmux$320.
    dead port 1/2 on $mux $flatten\control0.$procmux$330.
    dead port 1/2 on $mux $flatten\control0.$procmux$340.
    dead port 2/2 on $mux $flatten\control0.$procmux$275.
    dead port 1/2 on $mux $flatten\control0.$procmux$278.
    dead port 1/2 on $mux $flatten\control0.$procmux$350.
    dead port 2/2 on $mux $flatten\control0.$procmux$287.
    dead port 1/2 on $mux $flatten\control0.$procmux$290.
    dead port 2/2 on $mux $flatten\control0.$procmux$300.
    dead port 1/2 on $mux $flatten\control0.$procmux$360.
    dead port 1/2 on $mux $flatten\lsr0.$procmux$255.
    dead port 1/2 on $mux $flatten\rsr0.$procmux$246.
Removed 15 multiplexer ports.
<suppressed ~10 debug messages>

7.12.4. Executing OPT_REDUCE pass (consolidate $*mux and $reduce_* inputs).
  Optimizing cells in module \mult_32.
    New ctrl vector for $pmux cell $flatten\control0.$procmux$333: { $flatten\control0.$procmux$301_CMP $auto$opt_reduce.cc:137:opt_pmux$395 }
    New ctrl vector for $pmux cell $flatten\control0.$procmux$343: { $flatten\control0.$procmux$276_CMP $auto$opt_reduce.cc:137:opt_pmux$397 }
    New ctrl vector for $pmux cell $flatten\control0.$procmux$353: { $auto$opt_reduce.cc:137:opt_pmux$399 $flatten\control0.$procmux$307_CMP }
    New ctrl vector for $pmux cell $flatten\control0.$procmux$323: { $flatten\control0.$procmux$308_CMP $auto$opt_reduce.cc:137:opt_pmux$401 }
  Optimizing cells in module \mult_32.
Performed a total of 4 changes.

7.12.5. Executing OPT_MERGE pass (detect identical cells).
Finding identical cells in module `\mult_32'.
Removed a total of 0 cells.

7.12.6. Executing OPT_DFF pass (perform DFF optimizations).

7.12.7. Executing OPT_CLEAN pass (remove unused cells and wires).
Finding unused cells or wires in module \mult_32..
Removed 0 unused cells and 40 unused wires.
<suppressed ~1 debug messages>

7.12.8. Executing OPT_EXPR pass (perform const folding).
Optimizing module mult_32.

7.12.9. Rerunning OPT passes. (Maybe there is more to do..)

7.12.10. Executing OPT_MUXTREE pass (detect dead branches in mux trees).
Running muxtree optimizer on module \mult_32..
  Creating internal representation of mux trees.
  Evaluating internal representation of mux trees.
  Analyzing evaluation results.
Removed 0 multiplexer ports.
<suppressed ~10 debug messages>

7.12.11. Executing OPT_REDUCE pass (consolidate $*mux and $reduce_* inputs).
  Optimizing cells in module \mult_32.
Performed a total of 0 changes.

7.12.12. Executing OPT_MERGE pass (detect identical cells).
Finding identical cells in module `\mult_32'.
Removed a total of 0 cells.

7.12.13. Executing OPT_DFF pass (perform DFF optimizations).

7.12.14. Executing OPT_CLEAN pass (remove unused cells and wires).
Finding unused cells or wires in module \mult_32..

7.12.15. Executing OPT_EXPR pass (perform const folding).
Optimizing module mult_32.

7.12.16. Finished OPT passes. (There is nothing left to do.)

7.13. Executing FSM pass (extract and optimize FSM).

7.13.1. Executing FSM_DETECT pass (finding FSMs in design).
Not marking mult_32.control0.state as FSM state register:
    Register has an initialization value.

7.13.2. Executing FSM_EXTRACT pass (extracting FSM from design).

7.13.3. Executing FSM_OPT pass (simple optimizations of FSMs).

7.13.4. Executing OPT_CLEAN pass (remove unused cells and wires).
Finding unused cells or wires in module \mult_32..

7.13.5. Executing FSM_OPT pass (simple optimizations of FSMs).

7.13.6. Executing FSM_RECODE pass (re-assigning FSM state encoding).

7.13.7. Executing FSM_INFO pass (dumping all available information on FSM cells).

7.13.8. Executing FSM_MAP pass (mapping FSMs to basic logic).

7.14. Executing OPT pass (performing simple optimizations).

7.14.1. Executing OPT_EXPR pass (perform const folding).
Optimizing module mult_32.

7.14.2. Executing OPT_MERGE pass (detect identical cells).
Finding identical cells in module `\mult_32'.
Removed a total of 0 cells.

7.14.3. Executing OPT_MUXTREE pass (detect dead branches in mux trees).
Running muxtree optimizer on module \mult_32..
  Creating internal representation of mux trees.
  Evaluating internal representation of mux trees.
  Analyzing evaluation results.
Removed 0 multiplexer ports.
<suppressed ~10 debug messages>

7.14.4. Executing OPT_REDUCE pass (consolidate $*mux and $reduce_* inputs).
  Optimizing cells in module \mult_32.
Performed a total of 0 changes.

7.14.5. Executing OPT_MERGE pass (detect identical cells).
Finding identical cells in module `\mult_32'.
Removed a total of 0 cells.

7.14.6. Executing OPT_DFF pass (perform DFF optimizations).
Adding EN signal on $flatten\rsr0.$procdff$380 ($dff) from module mult_32 (D = $flatten\rsr0.$0\s_B[15:0], Q = \rsr0.s_B).
Adding SRST signal on $flatten\lsr0.$procdff$381 ($dff) from module mult_32 (D = $flatten\lsr0.$2\s_A[31:0] [31:16], Q = \lsr0.s_A [31:16], rval = 16'0000000000000000).
Adding EN signal on $flatten\lsr0.$procdff$381 ($dff) from module mult_32 (D = $flatten\lsr0.$0\s_A[31:0] [15:0], Q = \lsr0.s_A [15:0]).
Adding EN signal on $auto$ff.cc:266:slice$405 ($sdff) from module mult_32 (D = \lsr0.s_A [30:15], Q = \lsr0.s_A [31:16]).
Adding EN signal on $flatten\control0.$procdff$388 ($dff) from module mult_32 (D = $flatten\control0.$2\count[3:0], Q = \control0.count).
Adding SRST signal on $flatten\control0.$procdff$387 ($dff) from module mult_32 (D = $flatten\control0.$2\state[2:0], Q = \control0.state, rval = 3'000).
Adding EN signal on $flatten\control0.$procdff$386 ($dff) from module mult_32 (D = $flatten\control0.$2\reset[0:0], Q = \control0.reset).
Adding EN signal on $flatten\control0.$procdff$385 ($dff) from module mult_32 (D = $flatten\control0.$2\sh[0:0], Q = \control0.sh).
Adding EN signal on $flatten\control0.$procdff$384 ($dff) from module mult_32 (D = $flatten\control0.$2\add[0:0], Q = \control0.add).
Adding EN signal on $flatten\control0.$procdff$383 ($dff) from module mult_32 (D = $flatten\control0.$2\done[0:0], Q = \control0.done).
Adding SRST signal on $flatten\acc0.$procdff$382 ($dff) from module mult_32 (D = $flatten\acc0.$2\pp[31:0], Q = \acc0.pp, rval = 0).
Adding EN signal on $auto$ff.cc:266:slice$447 ($sdff) from module mult_32 (D = $flatten\acc0.$add$acc.v:15$232_Y, Q = \acc0.pp).

7.14.7. Executing OPT_CLEAN pass (remove unused cells and wires).
Finding unused cells or wires in module \mult_32..
Removed 8 unused cells and 8 unused wires.
<suppressed ~9 debug messages>

7.14.8. Executing OPT_EXPR pass (perform const folding).
Optimizing module mult_32.
<suppressed ~7 debug messages>

7.14.9. Rerunning OPT passes. (Maybe there is more to do..)

7.14.10. Executing OPT_MUXTREE pass (detect dead branches in mux trees).
Running muxtree optimizer on module \mult_32..
  Creating internal representation of mux trees.
  Evaluating internal representation of mux trees.
  Analyzing evaluation results.
Removed 0 multiplexer ports.
<suppressed ~9 debug messages>

7.14.11. Executing OPT_REDUCE pass (consolidate $*mux and $reduce_* inputs).
  Optimizing cells in module \mult_32.
Performed a total of 0 changes.

7.14.12. Executing OPT_MERGE pass (detect identical cells).
Finding identical cells in module `\mult_32'.
<suppressed ~15 debug messages>
Removed a total of 5 cells.

7.14.13. Executing OPT_DFF pass (perform DFF optimizations).

7.14.14. Executing OPT_CLEAN pass (remove unused cells and wires).
Finding unused cells or wires in module \mult_32..
Removed 0 unused cells and 5 unused wires.
<suppressed ~1 debug messages>

7.14.15. Executing OPT_EXPR pass (perform const folding).
Optimizing module mult_32.

7.14.16. Rerunning OPT passes. (Maybe there is more to do..)

7.14.17. Executing OPT_MUXTREE pass (detect dead branches in mux trees).
Running muxtree optimizer on module \mult_32..
  Creating internal representation of mux trees.
  Evaluating internal representation of mux trees.
  Analyzing evaluation results.
Removed 0 multiplexer ports.
<suppressed ~9 debug messages>

7.14.18. Executing OPT_REDUCE pass (consolidate $*mux and $reduce_* inputs).
  Optimizing cells in module \mult_32.
Performed a total of 0 changes.

7.14.19. Executing OPT_MERGE pass (detect identical cells).
Finding identical cells in module `\mult_32'.
Removed a total of 0 cells.

7.14.20. Executing OPT_DFF pass (perform DFF optimizations).

7.14.21. Executing OPT_CLEAN pass (remove unused cells and wires).
Finding unused cells or wires in module \mult_32..

7.14.22. Executing OPT_EXPR pass (perform const folding).
Optimizing module mult_32.

7.14.23. Finished OPT passes. (There is nothing left to do.)

7.15. Executing WREDUCE pass (reducing word size of cells).
Removed top 16 bits (of 32) from mux cell mult_32.$flatten\lsr0.$procmux$258 ($mux).
Removed top 16 bits (of 32) from mux cell mult_32.$flatten\lsr0.$procmux$252 ($mux).
Removed top 1 bits (of 3) from port B of cell mult_32.$flatten\control0.$procmux$308_CMP0 ($eq).
Removed top 2 bits (of 3) from mux cell mult_32.$flatten\control0.$procmux$298 ($mux).
Removed top 2 bits (of 3) from port B of cell mult_32.$flatten\control0.$procmux$288_CMP0 ($eq).
Removed top 2 bits (of 3) from mux cell mult_32.$flatten\control0.$procmux$285 ($mux).
Removed top 1 bits (of 3) from port B of cell mult_32.$flatten\control0.$procmux$276_CMP0 ($eq).
Removed top 28 bits (of 32) from port B of cell mult_32.$flatten\control0.$gt$control_mult.v:85$228 ($gt).
Removed top 31 bits (of 32) from port B of cell mult_32.$flatten\control0.$add$control_mult.v:84$227 ($add).
Removed top 28 bits (of 32) from port Y of cell mult_32.$flatten\control0.$add$control_mult.v:84$227 ($add).
Removed top 2 bits (of 3) from wire mult_32.$flatten\control0.$3\state[2:0].
Removed top 2 bits (of 3) from wire mult_32.$flatten\control0.$4\state[2:0].
Removed top 28 bits (of 32) from wire mult_32.$flatten\control0.$add$control_mult.v:84$227_Y.
Removed top 16 bits (of 32) from wire mult_32.$flatten\lsr0.$0\s_A[31:0].
Removed top 16 bits (of 32) from wire mult_32.$flatten\lsr0.$2\s_A[31:0].

7.16. Executing PEEPOPT pass (run peephole optimizers).

7.17. Executing OPT_CLEAN pass (remove unused cells and wires).
Finding unused cells or wires in module \mult_32..
Removed 0 unused cells and 5 unused wires.
<suppressed ~1 debug messages>

7.18. Executing SHARE pass (SAT-based resource sharing).

7.19. Executing TECHMAP pass (map to technology primitives).

7.19.1. Executing Verilog-2005 frontend: /usr/local/bin/../share/yosys/cmp2lut.v
Parsing Verilog input from `/usr/local/bin/../share/yosys/cmp2lut.v' to AST representation.
Generating RTLIL representation for module `\_90_lut_cmp_'.
Successfully finished Verilog frontend.

7.19.2. Continuing TECHMAP pass.
Using template $paramod$e4c92889d88a2565010b877d9939a0ac6b8fc9a2\_90_lut_cmp_ for cells of type $gt.
No more expansions possible.
<suppressed ~36 debug messages>

7.20. Executing OPT_EXPR pass (perform const folding).
Optimizing module mult_32.

7.21. Executing OPT_CLEAN pass (remove unused cells and wires).
Finding unused cells or wires in module \mult_32..
Removed 0 unused cells and 3 unused wires.
<suppressed ~1 debug messages>

7.22. Executing TECHMAP pass (map to technology primitives).

7.22.1. Executing Verilog-2005 frontend: /usr/local/bin/../share/yosys/mul2dsp.v
Parsing Verilog input from `/usr/local/bin/../share/yosys/mul2dsp.v' to AST representation.
Generating RTLIL representation for module `\_80_mul'.
Generating RTLIL representation for module `\_90_soft_mul'.
Successfully finished Verilog frontend.

7.22.2. Executing Verilog-2005 frontend: /usr/local/bin/../share/yosys/ecp5/dsp_map.v
Parsing Verilog input from `/usr/local/bin/../share/yosys/ecp5/dsp_map.v' to AST representation.
Generating RTLIL representation for module `\$__MUL18X18'.
Successfully finished Verilog frontend.

7.22.3. Continuing TECHMAP pass.
No more expansions possible.
<suppressed ~5 debug messages>

7.23. Executing ALUMACC pass (create $alu and $macc cells).
Extracting $alu and $macc cells in module mult_32:
  creating $macc model for $flatten\acc0.$add$acc.v:15$232 ($add).
  creating $macc model for $flatten\control0.$add$control_mult.v:84$227 ($add).
  creating $alu model for $macc $flatten\control0.$add$control_mult.v:84$227.
  creating $alu model for $macc $flatten\acc0.$add$acc.v:15$232.
  creating $alu cell for $flatten\acc0.$add$acc.v:15$232: $auto$alumacc.cc:495:replace_alu$457
  creating $alu cell for $flatten\control0.$add$control_mult.v:84$227: $auto$alumacc.cc:495:replace_alu$460
  created 2 $alu and 0 $macc cells.

7.24. Executing OPT pass (performing simple optimizations).

7.24.1. Executing OPT_EXPR pass (perform const folding).
Optimizing module mult_32.

7.24.2. Executing OPT_MERGE pass (detect identical cells).
Finding identical cells in module `\mult_32'.
Removed a total of 0 cells.

7.24.3. Executing OPT_MUXTREE pass (detect dead branches in mux trees).
Running muxtree optimizer on module \mult_32..
  Creating internal representation of mux trees.
  Evaluating internal representation of mux trees.
  Analyzing evaluation results.
Removed 0 multiplexer ports.
<suppressed ~9 debug messages>

7.24.4. Executing OPT_REDUCE pass (consolidate $*mux and $reduce_* inputs).
  Optimizing cells in module \mult_32.
Performed a total of 0 changes.

7.24.5. Executing OPT_MERGE pass (detect identical cells).
Finding identical cells in module `\mult_32'.
Removed a total of 0 cells.

7.24.6. Executing OPT_DFF pass (perform DFF optimizations).

7.24.7. Executing OPT_CLEAN pass (remove unused cells and wires).
Finding unused cells or wires in module \mult_32..

7.24.8. Executing OPT_EXPR pass (perform const folding).
Optimizing module mult_32.

7.24.9. Finished OPT passes. (There is nothing left to do.)

7.25. Executing MEMORY pass.

7.25.1. Executing OPT_MEM pass (optimize memories).
Performed a total of 0 transformations.

7.25.2. Executing OPT_MEM_PRIORITY pass (removing unnecessary memory write priority relations).
Performed a total of 0 transformations.

7.25.3. Executing OPT_MEM_FEEDBACK pass (finding memory read-to-write feedback paths).

7.25.4. Executing MEMORY_BMUX2ROM pass (converting muxes to ROMs).

7.25.5. Executing MEMORY_DFF pass (merging $dff cells to $memrd).

7.25.6. Executing OPT_CLEAN pass (remove unused cells and wires).
Finding unused cells or wires in module \mult_32..

7.25.7. Executing MEMORY_SHARE pass (consolidating $memrd/$memwr cells).

7.25.8. Executing OPT_MEM_WIDEN pass (optimize memories where all ports are wide).
Performed a total of 0 transformations.

7.25.9. Executing OPT_CLEAN pass (remove unused cells and wires).
Finding unused cells or wires in module \mult_32..

7.25.10. Executing MEMORY_COLLECT pass (generating $mem cells).

7.26. Executing OPT_CLEAN pass (remove unused cells and wires).
Finding unused cells or wires in module \mult_32..

7.27. Executing MEMORY_LIBMAP pass (mapping memories to cells).

7.28. Executing TECHMAP pass (map to technology primitives).

7.28.1. Executing Verilog-2005 frontend: /usr/local/bin/../share/yosys/ecp5/lutrams_map.v
Parsing Verilog input from `/usr/local/bin/../share/yosys/ecp5/lutrams_map.v' to AST representation.
Generating RTLIL representation for module `\$__TRELLIS_DPR16X4_'.
Successfully finished Verilog frontend.

7.28.2. Executing Verilog-2005 frontend: /usr/local/bin/../share/yosys/ecp5/brams_map.v
Parsing Verilog input from `/usr/local/bin/../share/yosys/ecp5/brams_map.v' to AST representation.
Generating RTLIL representation for module `\$__ECP5_DP16KD_'.
Generating RTLIL representation for module `\$__ECP5_PDPW16KD_'.
Successfully finished Verilog frontend.

7.28.3. Continuing TECHMAP pass.
No more expansions possible.
<suppressed ~5 debug messages>

7.29. Executing OPT pass (performing simple optimizations).

7.29.1. Executing OPT_EXPR pass (perform const folding).
Optimizing module mult_32.
<suppressed ~10 debug messages>

7.29.2. Executing OPT_MERGE pass (detect identical cells).
Finding identical cells in module `\mult_32'.
Removed a total of 0 cells.

7.29.3. Executing OPT_DFF pass (perform DFF optimizations).
Adding SRST signal on $auto$ff.cc:266:slice$411 ($dffe) from module mult_32 (D = $techmap456$flatten\control0.$gt$control_mult.v:85$228.A, Q = \control0.count, rval = 4'0000).

7.29.4. Executing OPT_CLEAN pass (remove unused cells and wires).
Finding unused cells or wires in module \mult_32..
Removed 1 unused cells and 7 unused wires.
<suppressed ~2 debug messages>

7.29.5. Rerunning OPT passes. (Removed registers in this run.)

7.29.6. Executing OPT_EXPR pass (perform const folding).
Optimizing module mult_32.

7.29.7. Executing OPT_MERGE pass (detect identical cells).
Finding identical cells in module `\mult_32'.
Removed a total of 0 cells.

7.29.8. Executing OPT_DFF pass (perform DFF optimizations).
Adding SRST signal on $auto$ff.cc:266:slice$407 ($dffe) from module mult_32 (D = \A [0], Q = \lsr0.s_A [0], rval = 1'0).
Adding SRST signal on $auto$ff.cc:266:slice$402 ($dffe) from module mult_32 (D = \B [15], Q = \rsr0.s_B [15], rval = 1'0).

7.29.9. Executing OPT_CLEAN pass (remove unused cells and wires).
Finding unused cells or wires in module \mult_32..

7.29.10. Rerunning OPT passes. (Removed registers in this run.)

7.29.11. Executing OPT_EXPR pass (perform const folding).
Optimizing module mult_32.

7.29.12. Executing OPT_MERGE pass (detect identical cells).
Finding identical cells in module `\mult_32'.
Removed a total of 0 cells.

7.29.13. Executing OPT_DFF pass (perform DFF optimizations).

7.29.14. Executing OPT_CLEAN pass (remove unused cells and wires).
Finding unused cells or wires in module \mult_32..

7.29.15. Finished fast OPT passes.

7.30. Executing MEMORY_MAP pass (converting memories to logic and flip-flops).

7.31. Executing OPT pass (performing simple optimizations).

7.31.1. Executing OPT_EXPR pass (perform const folding).
Optimizing module mult_32.

7.31.2. Executing OPT_MERGE pass (detect identical cells).
Finding identical cells in module `\mult_32'.
Removed a total of 0 cells.

7.31.3. Executing OPT_MUXTREE pass (detect dead branches in mux trees).
Running muxtree optimizer on module \mult_32..
  Creating internal representation of mux trees.
  Evaluating internal representation of mux trees.
  Analyzing evaluation results.
Removed 0 multiplexer ports.
<suppressed ~6 debug messages>

7.31.4. Executing OPT_REDUCE pass (consolidate $*mux and $reduce_* inputs).
  Optimizing cells in module \mult_32.
    Consolidated identical input bits for $mux cell $flatten\control0.$procmux$273:
      Old ports: A=3'001, B=3'100, Y=$flatten\control0.$5\state[2:0]
      New ports: A=2'01, B=2'10, Y={ $flatten\control0.$5\state[2:0] [2] $flatten\control0.$5\state[2:0] [0] }
      New connections: $flatten\control0.$5\state[2:0] [1] = 1'0
    Consolidated identical input bits for $mux cell $flatten\control0.$ternary$control_mult.v:85$229:
      Old ports: A=3'100, B=3'000, Y=$flatten\control0.$ternary$control_mult.v:85$229_Y
      New ports: A=1'1, B=1'0, Y=$flatten\control0.$ternary$control_mult.v:85$229_Y [2]
      New connections: $flatten\control0.$ternary$control_mult.v:85$229_Y [1:0] = 2'00
  Optimizing cells in module \mult_32.
Performed a total of 2 changes.

7.31.5. Executing OPT_MERGE pass (detect identical cells).
Finding identical cells in module `\mult_32'.
Removed a total of 0 cells.

7.31.6. Executing OPT_DFF pass (perform DFF optimizations).

7.31.7. Executing OPT_CLEAN pass (remove unused cells and wires).
Finding unused cells or wires in module \mult_32..

7.31.8. Executing OPT_EXPR pass (perform const folding).
Optimizing module mult_32.

7.31.9. Rerunning OPT passes. (Maybe there is more to do..)

7.31.10. Executing OPT_MUXTREE pass (detect dead branches in mux trees).
Running muxtree optimizer on module \mult_32..
  Creating internal representation of mux trees.
  Evaluating internal representation of mux trees.
  Analyzing evaluation results.
Removed 0 multiplexer ports.
<suppressed ~6 debug messages>

7.31.11. Executing OPT_REDUCE pass (consolidate $*mux and $reduce_* inputs).
  Optimizing cells in module \mult_32.
Performed a total of 0 changes.

7.31.12. Executing OPT_MERGE pass (detect identical cells).
Finding identical cells in module `\mult_32'.
Removed a total of 0 cells.

7.31.13. Executing OPT_DFF pass (perform DFF optimizations).

7.31.14. Executing OPT_CLEAN pass (remove unused cells and wires).
Finding unused cells or wires in module \mult_32..

7.31.15. Executing OPT_EXPR pass (perform const folding).
Optimizing module mult_32.

7.31.16. Finished OPT passes. (There is nothing left to do.)

7.32. Executing TECHMAP pass (map to technology primitives).

7.32.1. Executing Verilog-2005 frontend: /usr/local/bin/../share/yosys/techmap.v
Parsing Verilog input from `/usr/local/bin/../share/yosys/techmap.v' to AST representation.
Generating RTLIL representation for module `\_90_simplemap_bool_ops'.
Generating RTLIL representation for module `\_90_simplemap_reduce_ops'.
Generating RTLIL representation for module `\_90_simplemap_logic_ops'.
Generating RTLIL representation for module `\_90_simplemap_compare_ops'.
Generating RTLIL representation for module `\_90_simplemap_various'.
Generating RTLIL representation for module `\_90_simplemap_registers'.
Generating RTLIL representation for module `\_90_shift_ops_shr_shl_sshl_sshr'.
Generating RTLIL representation for module `\_90_shift_shiftx'.
Generating RTLIL representation for module `\_90_fa'.
Generating RTLIL representation for module `\_90_lcu_brent_kung'.
Generating RTLIL representation for module `\_90_alu'.
Generating RTLIL representation for module `\_90_macc'.
Generating RTLIL representation for module `\_90_alumacc'.
Generating RTLIL representation for module `\$__div_mod_u'.
Generating RTLIL representation for module `\$__div_mod_trunc'.
Generating RTLIL representation for module `\_90_div'.
Generating RTLIL representation for module `\_90_mod'.
Generating RTLIL representation for module `\$__div_mod_floor'.
Generating RTLIL representation for module `\_90_divfloor'.
Generating RTLIL representation for module `\_90_modfloor'.
Generating RTLIL representation for module `\_90_pow'.
Generating RTLIL representation for module `\_90_pmux'.
Generating RTLIL representation for module `\_90_demux'.
Generating RTLIL representation for module `\_90_lut'.
Successfully finished Verilog frontend.

7.32.2. Executing Verilog-2005 frontend: /usr/local/bin/../share/yosys/ecp5/arith_map.v
Parsing Verilog input from `/usr/local/bin/../share/yosys/ecp5/arith_map.v' to AST representation.
Generating RTLIL representation for module `\_80_ecp5_alu'.
Successfully finished Verilog frontend.

7.32.3. Continuing TECHMAP pass.
Using extmapper simplemap for cells of type $mux.
Using extmapper simplemap for cells of type $reduce_or.
Using extmapper simplemap for cells of type $logic_not.
Using extmapper simplemap for cells of type $sdffe.
Using template $paramod$32a7b7b86c07519b7537abc18e96f0331f97914d\_90_alu for cells of type $alu.
Using extmapper simplemap for cells of type $reduce_and.
Using extmapper simplemap for cells of type $dffe.
Using extmapper simplemap for cells of type $reduce_bool.
Using template $paramod$fbc7873bff55778c0b3173955b7e4bce1d9d6834\_80_ecp5_alu for cells of type $alu.
Using extmapper simplemap for cells of type $not.
Using extmapper simplemap for cells of type $sdffce.
Using extmapper simplemap for cells of type $lut.
Using extmapper simplemap for cells of type $sdff.
Using extmapper simplemap for cells of type $eq.
Using template $paramod$56f7ce6d87f8add68ca646dc02d7695a3189f8e5\_90_pmux for cells of type $pmux.
Using extmapper simplemap for cells of type $xor.
Using extmapper simplemap for cells of type $pos.
Using template $paramod\_90_lcu_brent_kung\WIDTH=32'00000000000000000000000000000100 for cells of type $lcu.
Using extmapper simplemap for cells of type $and.
Using extmapper simplemap for cells of type $logic_or.
Using extmapper simplemap for cells of type $logic_and.
Using extmapper simplemap for cells of type $or.
No more expansions possible.
<suppressed ~394 debug messages>

7.33. Executing OPT pass (performing simple optimizations).

7.33.1. Executing OPT_EXPR pass (perform const folding).
Optimizing module mult_32.
<suppressed ~105 debug messages>

7.33.2. Executing OPT_MERGE pass (detect identical cells).
Finding identical cells in module `\mult_32'.
<suppressed ~27 debug messages>
Removed a total of 9 cells.

7.33.3. Executing OPT_DFF pass (perform DFF optimizations).

7.33.4. Executing OPT_CLEAN pass (remove unused cells and wires).
Finding unused cells or wires in module \mult_32..
Removed 133 unused cells and 176 unused wires.
<suppressed ~134 debug messages>

7.33.5. Finished fast OPT passes.

7.34. Executing OPT_CLEAN pass (remove unused cells and wires).
Finding unused cells or wires in module \mult_32..

7.35. Executing DFFLEGALIZE pass (convert FFs to types supported by the target).

7.36. Executing TECHMAP pass (map to technology primitives).

7.36.1. Executing Verilog-2005 frontend: /usr/local/bin/../share/yosys/ecp5/cells_map.v
Parsing Verilog input from `/usr/local/bin/../share/yosys/ecp5/cells_map.v' to AST representation.
Generating RTLIL representation for module `\$_DFF_N_'.
Generating RTLIL representation for module `\$_DFF_P_'.
Generating RTLIL representation for module `\$_DFFE_NN_'.
Generating RTLIL representation for module `\$_DFFE_PN_'.
Generating RTLIL representation for module `\$_DFFE_NP_'.
Generating RTLIL representation for module `\$_DFFE_PP_'.
Generating RTLIL representation for module `\$_DFF_NP0_'.
Generating RTLIL representation for module `\$_DFF_NP1_'.
Generating RTLIL representation for module `\$_DFF_PP0_'.
Generating RTLIL representation for module `\$_DFF_PP1_'.
Generating RTLIL representation for module `\$_SDFF_NP0_'.
Generating RTLIL representation for module `\$_SDFF_NP1_'.
Generating RTLIL representation for module `\$_SDFF_PP0_'.
Generating RTLIL representation for module `\$_SDFF_PP1_'.
Generating RTLIL representation for module `\$_DFFE_NP0P_'.
Generating RTLIL representation for module `\$_DFFE_NP1P_'.
Generating RTLIL representation for module `\$_DFFE_PP0P_'.
Generating RTLIL representation for module `\$_DFFE_PP1P_'.
Generating RTLIL representation for module `\$_DFFE_NP0N_'.
Generating RTLIL representation for module `\$_DFFE_NP1N_'.
Generating RTLIL representation for module `\$_DFFE_PP0N_'.
Generating RTLIL representation for module `\$_DFFE_PP1N_'.
Generating RTLIL representation for module `\$_SDFFE_NP0P_'.
Generating RTLIL representation for module `\$_SDFFE_NP1P_'.
Generating RTLIL representation for module `\$_SDFFE_PP0P_'.
Generating RTLIL representation for module `\$_SDFFE_PP1P_'.
Generating RTLIL representation for module `\$_SDFFE_NP0N_'.
Generating RTLIL representation for module `\$_SDFFE_NP1N_'.
Generating RTLIL representation for module `\$_SDFFE_PP0N_'.
Generating RTLIL representation for module `\$_SDFFE_PP1N_'.
Generating RTLIL representation for module `\$_ALDFF_NP_'.
Generating RTLIL representation for module `\$_ALDFF_PP_'.
Generating RTLIL representation for module `\$_ALDFFE_NPN_'.
Generating RTLIL representation for module `\$_ALDFFE_NPP_'.
Generating RTLIL representation for module `\$_ALDFFE_PPN_'.
Generating RTLIL representation for module `\$_ALDFFE_PPP_'.
Generating RTLIL representation for module `\FD1P3AX'.
Generating RTLIL representation for module `\FD1P3AY'.
Generating RTLIL representation for module `\FD1P3BX'.
Generating RTLIL representation for module `\FD1P3DX'.
Generating RTLIL representation for module `\FD1P3IX'.
Generating RTLIL representation for module `\FD1P3JX'.
Generating RTLIL representation for module `\FD1S3AX'.
Generating RTLIL representation for module `\FD1S3AY'.
Generating RTLIL representation for module `\FD1S3BX'.
Generating RTLIL representation for module `\FD1S3DX'.
Generating RTLIL representation for module `\FD1S3IX'.
Generating RTLIL representation for module `\FD1S3JX'.
Generating RTLIL representation for module `\IFS1P3BX'.
Generating RTLIL representation for module `\IFS1P3DX'.
Generating RTLIL representation for module `\IFS1P3IX'.
Generating RTLIL representation for module `\IFS1P3JX'.
Generating RTLIL representation for module `\OFS1P3BX'.
Generating RTLIL representation for module `\OFS1P3DX'.
Generating RTLIL representation for module `\OFS1P3IX'.
Generating RTLIL representation for module `\OFS1P3JX'.
Generating RTLIL representation for module `\IB'.
Generating RTLIL representation for module `\IBPU'.
Generating RTLIL representation for module `\IBPD'.
Generating RTLIL representation for module `\OB'.
Generating RTLIL representation for module `\OBZ'.
Generating RTLIL representation for module `\OBZPU'.
Generating RTLIL representation for module `\OBZPD'.
Generating RTLIL representation for module `\OBCO'.
Generating RTLIL representation for module `\BB'.
Generating RTLIL representation for module `\BBPU'.
Generating RTLIL representation for module `\BBPD'.
Generating RTLIL representation for module `\ILVDS'.
Generating RTLIL representation for module `\OLVDS'.
Successfully finished Verilog frontend.

7.36.2. Continuing TECHMAP pass.
Using template $paramod\$_DFFE_NP_\_TECHMAP_WIREINIT_Q_=1'x for cells of type $_DFFE_NP_.
Using template $paramod\$_DFFE_PP_\_TECHMAP_WIREINIT_Q_=1'0 for cells of type $_DFFE_PP_.
Using template \$_SDFFE_NP0P_ for cells of type $_SDFFE_NP0P_.
Using template \$_SDFF_PP0_ for cells of type $_SDFF_PP0_.
Using template \$_SDFFE_PP0P_ for cells of type $_SDFFE_PP0P_.
No more expansions possible.
<suppressed ~184 debug messages>

7.37. Executing OPT_EXPR pass (perform const folding).
Optimizing module mult_32.

7.38. Executing SIMPLEMAP pass (map simple cells to gate primitives).

7.39. Executing LATTICE_GSR pass (implement FF init values).
Handling GSR in mult_32.

7.40. Executing ATTRMVCP pass (move or copy attributes).

7.41. Executing OPT_CLEAN pass (remove unused cells and wires).
Finding unused cells or wires in module \mult_32..
Removed 0 unused cells and 509 unused wires.
<suppressed ~1 debug messages>

7.42. Executing TECHMAP pass (map to technology primitives).

7.42.1. Executing Verilog-2005 frontend: /usr/local/bin/../share/yosys/ecp5/latches_map.v
Parsing Verilog input from `/usr/local/bin/../share/yosys/ecp5/latches_map.v' to AST representation.
Generating RTLIL representation for module `\$_DLATCH_N_'.
Generating RTLIL representation for module `\$_DLATCH_P_'.
Successfully finished Verilog frontend.

7.42.2. Continuing TECHMAP pass.
No more expansions possible.
<suppressed ~4 debug messages>

7.43. Executing ABC9 pass.

7.43.1. Executing ABC9_OPS pass (helper functions for ABC9).

7.43.2. Executing ABC9_OPS pass (helper functions for ABC9).

7.43.3. Executing SCC pass (detecting logic loops).
Found 0 SCCs in module mult_32.
Found 0 SCCs.

7.43.4. Executing ABC9_OPS pass (helper functions for ABC9).

7.43.5. Executing TECHMAP pass (map to technology primitives).

7.43.5.1. Executing Verilog-2005 frontend: /usr/local/bin/../share/yosys/techmap.v
Parsing Verilog input from `/usr/local/bin/../share/yosys/techmap.v' to AST representation.
Generating RTLIL representation for module `\_90_simplemap_bool_ops'.
Generating RTLIL representation for module `\_90_simplemap_reduce_ops'.
Generating RTLIL representation for module `\_90_simplemap_logic_ops'.
Generating RTLIL representation for module `\_90_simplemap_compare_ops'.
Generating RTLIL representation for module `\_90_simplemap_various'.
Generating RTLIL representation for module `\_90_simplemap_registers'.
Generating RTLIL representation for module `\_90_shift_ops_shr_shl_sshl_sshr'.
Generating RTLIL representation for module `\_90_shift_shiftx'.
Generating RTLIL representation for module `\_90_fa'.
Generating RTLIL representation for module `\_90_lcu_brent_kung'.
Generating RTLIL representation for module `\_90_alu'.
Generating RTLIL representation for module `\_90_macc'.
Generating RTLIL representation for module `\_90_alumacc'.
Generating RTLIL representation for module `\$__div_mod_u'.
Generating RTLIL representation for module `\$__div_mod_trunc'.
Generating RTLIL representation for module `\_90_div'.
Generating RTLIL representation for module `\_90_mod'.
Generating RTLIL representation for module `\$__div_mod_floor'.
Generating RTLIL representation for module `\_90_divfloor'.
Generating RTLIL representation for module `\_90_modfloor'.
Generating RTLIL representation for module `\_90_pow'.
Generating RTLIL representation for module `\_90_pmux'.
Generating RTLIL representation for module `\_90_demux'.
Generating RTLIL representation for module `\_90_lut'.
Successfully finished Verilog frontend.

7.43.5.2. Continuing TECHMAP pass.
No more expansions possible.
<suppressed ~162 debug messages>

7.43.6. Executing OPT pass (performing simple optimizations).

7.43.6.1. Executing OPT_EXPR pass (perform const folding).

7.43.6.2. Executing OPT_MERGE pass (detect identical cells).
Removed a total of 0 cells.

7.43.6.3. Executing OPT_MUXTREE pass (detect dead branches in mux trees).
Removed 0 multiplexer ports.

7.43.6.4. Executing OPT_REDUCE pass (consolidate $*mux and $reduce_* inputs).
Performed a total of 0 changes.

7.43.6.5. Executing OPT_MERGE pass (detect identical cells).
Removed a total of 0 cells.

7.43.6.6. Executing OPT_DFF pass (perform DFF optimizations).

7.43.6.7. Executing OPT_CLEAN pass (remove unused cells and wires).

7.43.6.8. Executing OPT_EXPR pass (perform const folding).

7.43.6.9. Finished OPT passes. (There is nothing left to do.)

7.43.7. Executing TECHMAP pass (map to technology primitives).

7.43.7.1. Executing Verilog-2005 frontend: /usr/local/bin/../share/yosys/abc9_map.v
Parsing Verilog input from `/usr/local/bin/../share/yosys/abc9_map.v' to AST representation.
Successfully finished Verilog frontend.

7.43.7.2. Continuing TECHMAP pass.
No more expansions possible.
<suppressed ~2 debug messages>

7.43.8. Executing Verilog-2005 frontend: /usr/local/bin/../share/yosys/abc9_model.v
Parsing Verilog input from `/usr/local/bin/../share/yosys/abc9_model.v' to AST representation.
Generating RTLIL representation for module `$__ABC9_DELAY'.
Generating RTLIL representation for module `$__ABC9_SCC_BREAKER'.
Generating RTLIL representation for module `$__DFF_N__$abc9_flop'.
Generating RTLIL representation for module `$__DFF_P__$abc9_flop'.
Successfully finished Verilog frontend.

7.43.9. Executing ABC9_OPS pass (helper functions for ABC9).
<suppressed ~2 debug messages>

7.43.10. Executing ABC9_OPS pass (helper functions for ABC9).

7.43.11. Executing ABC9_OPS pass (helper functions for ABC9).
<suppressed ~2 debug messages>

7.43.12. Executing TECHMAP pass (map to technology primitives).

7.43.12.1. Executing Verilog-2005 frontend: /usr/local/bin/../share/yosys/techmap.v
Parsing Verilog input from `/usr/local/bin/../share/yosys/techmap.v' to AST representation.
Generating RTLIL representation for module `\_90_simplemap_bool_ops'.
Generating RTLIL representation for module `\_90_simplemap_reduce_ops'.
Generating RTLIL representation for module `\_90_simplemap_logic_ops'.
Generating RTLIL representation for module `\_90_simplemap_compare_ops'.
Generating RTLIL representation for module `\_90_simplemap_various'.
Generating RTLIL representation for module `\_90_simplemap_registers'.
Generating RTLIL representation for module `\_90_shift_ops_shr_shl_sshl_sshr'.
Generating RTLIL representation for module `\_90_shift_shiftx'.
Generating RTLIL representation for module `\_90_fa'.
Generating RTLIL representation for module `\_90_lcu_brent_kung'.
Generating RTLIL representation for module `\_90_alu'.
Generating RTLIL representation for module `\_90_macc'.
Generating RTLIL representation for module `\_90_alumacc'.
Generating RTLIL representation for module `\$__div_mod_u'.
Generating RTLIL representation for module `\$__div_mod_trunc'.
Generating RTLIL representation for module `\_90_div'.
Generating RTLIL representation for module `\_90_mod'.
Generating RTLIL representation for module `\$__div_mod_floor'.
Generating RTLIL representation for module `\_90_divfloor'.
Generating RTLIL representation for module `\_90_modfloor'.
Generating RTLIL representation for module `\_90_pow'.
Generating RTLIL representation for module `\_90_pmux'.
Generating RTLIL representation for module `\_90_demux'.
Generating RTLIL representation for module `\_90_lut'.
Successfully finished Verilog frontend.

7.43.12.2. Continuing TECHMAP pass.
Using template $paramod$838872d5a4bab89607f53482b205c0fd50d8b82e\CCU2C for cells of type $paramod$838872d5a4bab89607f53482b205c0fd50d8b82e\CCU2C.
Using extmapper simplemap for cells of type $xor.
Using template $paramod\LUT2\INIT=4'1010 for cells of type LUT2.
Using extmapper simplemap for cells of type $or.
Using extmapper simplemap for cells of type $and.
Using template $paramod\LUT4\INIT=16'1001011010101010 for cells of type LUT4.
Using extmapper simplemap for cells of type $not.
Using extmapper simplemap for cells of type $mux.
No more expansions possible.
<suppressed ~201 debug messages>

7.43.13. Executing OPT pass (performing simple optimizations).

7.43.13.1. Executing OPT_EXPR pass (perform const folding).
Optimizing module mult_32.
<suppressed ~18 debug messages>

7.43.13.2. Executing OPT_MERGE pass (detect identical cells).
Finding identical cells in module `\mult_32'.
<suppressed ~6 debug messages>
Removed a total of 2 cells.

7.43.13.3. Executing OPT_MUXTREE pass (detect dead branches in mux trees).
Running muxtree optimizer on module \mult_32..
  Creating internal representation of mux trees.
  No muxes found in this module.
Removed 0 multiplexer ports.

7.43.13.4. Executing OPT_REDUCE pass (consolidate $*mux and $reduce_* inputs).
  Optimizing cells in module \mult_32.
Performed a total of 0 changes.

7.43.13.5. Executing OPT_MERGE pass (detect identical cells).
Finding identical cells in module `\mult_32'.
Removed a total of 0 cells.

7.43.13.6. Executing OPT_DFF pass (perform DFF optimizations).

7.43.13.7. Executing OPT_CLEAN pass (remove unused cells and wires).
Finding unused cells or wires in module \mult_32..
Removed 0 unused cells and 55 unused wires.
<suppressed ~1 debug messages>

7.43.13.8. Executing OPT_EXPR pass (perform const folding).
Optimizing module mult_32.

7.43.13.9. Rerunning OPT passes. (Maybe there is more to do..)

7.43.13.10. Executing OPT_MUXTREE pass (detect dead branches in mux trees).
Running muxtree optimizer on module \mult_32..
  Creating internal representation of mux trees.
  No muxes found in this module.
Removed 0 multiplexer ports.

7.43.13.11. Executing OPT_REDUCE pass (consolidate $*mux and $reduce_* inputs).
  Optimizing cells in module \mult_32.
Performed a total of 0 changes.

7.43.13.12. Executing OPT_MERGE pass (detect identical cells).
Finding identical cells in module `\mult_32'.
Removed a total of 0 cells.

7.43.13.13. Executing OPT_DFF pass (perform DFF optimizations).

7.43.13.14. Executing OPT_CLEAN pass (remove unused cells and wires).
Finding unused cells or wires in module \mult_32..

7.43.13.15. Executing OPT_EXPR pass (perform const folding).
Optimizing module mult_32.

7.43.13.16. Finished OPT passes. (There is nothing left to do.)

7.43.14. Executing AIGMAP pass (map logic to AIG).
Module mult_32: replaced 18 cells with 120 new cells, skipped 39 cells.
  replaced 3 cell types:
       2 $_OR_
       2 $_XOR_
      14 $_MUX_
  not replaced 3 cell types:
      31 $specify2
       4 $_NOT_
       4 $_AND_

7.43.15. Executing AIGMAP pass (map logic to AIG).
Module mult_32: replaced 86 cells with 456 new cells, skipped 145 cells.
  replaced 4 cell types:
      46 $_OR_
       3 $_XOR_
       2 $_ORNOT_
      35 $_MUX_
  not replaced 5 cell types:
       5 $scopeinfo
      17 $_NOT_
      16 $_AND_
      91 TRELLIS_FF
      16 $paramod$838872d5a4bab89607f53482b205c0fd50d8b82e\CCU2C

7.43.15.1. Executing ABC9_OPS pass (helper functions for ABC9).

7.43.15.2. Executing ABC9_OPS pass (helper functions for ABC9).

7.43.15.3. Executing XAIGER backend.
<suppressed ~11 debug messages>
Extracted 178 AND gates and 769 wires from module `mult_32' to a netlist network with 126 inputs and 137 outputs.

7.43.15.4. Executing ABC9_EXE pass (technology mapping using ABC9).

7.43.15.5. Executing ABC9.
Running ABC command: "<yosys-exe-dir>/yosys-abc" -s -f <abc-temp-dir>/abc.script 2>&1
ABC: ABC command line: "source <abc-temp-dir>/abc.script".
ABC: 
ABC: + read_lut <abc-temp-dir>/input.lut 
ABC: + read_box <abc-temp-dir>/input.box 
ABC: + &read <abc-temp-dir>/input.xaig 
ABC: + &ps 
ABC: <abc-temp-dir>/input : i/o =    126/    137  and =     163  lev =    9 (0.57)  mem = 0.01 MB  box = 16  bb = 0
ABC: + &scorr 
ABC: Warning: The network is combinational.
ABC: + &sweep 
ABC: + &dc2 
ABC: + &dch -f 
ABC: + &ps 
ABC: <abc-temp-dir>/input : i/o =    126/    137  and =     259  lev =    7 (0.45)  mem = 0.01 MB  ch =   39  box = 16  bb = 0
ABC: cst =       0  cls =     39  lit =      39  unused =     355  proof =     0
ABC: + &if -W 300 -v 
ABC: K = 7. Memory (bytes): Truth =    0. Cut =   64. Obj =  148. Set =  672. CutMin = no
ABC: Node =     259.  Ch =    39.  Total mem =    0.11 MB. Peak cut mem =    0.01 MB.
ABC: P:  Del = 1634.00.  Ar =      72.0.  Edge =      174.  Cut =      918.  T =     0.00 sec
ABC: P:  Del = 1634.00.  Ar =      72.0.  Edge =      174.  Cut =      918.  T =     0.00 sec
ABC: P:  Del = 1634.00.  Ar =      69.0.  Edge =      175.  Cut =     1099.  T =     0.00 sec
ABC: F:  Del = 1597.00.  Ar =      60.0.  Edge =      176.  Cut =      902.  T =     0.00 sec
ABC: A:  Del = 1597.00.  Ar =      60.0.  Edge =      166.  Cut =      822.  T =     0.00 sec
ABC: A:  Del = 1597.00.  Ar =      60.0.  Edge =      166.  Cut =      840.  T =     0.00 sec
ABC: Total time =     0.00 sec
ABC: + &write -n <abc-temp-dir>/output.aig 
ABC: + &mfs 
ABC: The network is not changed by "&mfs".
ABC: + &ps -l 
ABC: <abc-temp-dir>/input : i/o =    126/    137  and =     173  lev =    7 (0.45)  mem = 0.01 MB  box = 16  bb = 0
ABC: Mapping (K=6)  :  lut =     52  edge =     166  lev =    3 (0.22)  levB =   16  mem = 0.00 MB
ABC: LUT = 52 : 2=5 9.6 %  3=38 73.1 %  4=5 9.6 %  5=2 3.8 %  6=2 3.8 %  Ave = 3.19
ABC: + &write -n <abc-temp-dir>/output.aig 
ABC: + time 
ABC: elapse: 0.03 seconds, total: 0.03 seconds

7.43.15.6. Executing AIGER frontend.
<suppressed ~538 debug messages>
Removed 241 unused cells and 739 unused wires.

7.43.15.7. Executing ABC9_OPS pass (helper functions for ABC9).
ABC RESULTS:              $lut cells:       53
ABC RESULTS:   $paramod$838872d5a4bab89607f53482b205c0fd50d8b82e\CCU2C cells:       16
ABC RESULTS:           input signals:       12
ABC RESULTS:          output signals:       28
Removing temp directory.

7.43.16. Executing TECHMAP pass (map to technology primitives).

7.43.16.1. Executing Verilog-2005 frontend: /usr/local/bin/../share/yosys/abc9_unmap.v
Parsing Verilog input from `/usr/local/bin/../share/yosys/abc9_unmap.v' to AST representation.
Generating RTLIL representation for module `\$__DFF_x__$abc9_flop'.
Generating RTLIL representation for module `\$__ABC9_SCC_BREAKER'.
Successfully finished Verilog frontend.

7.43.16.2. Continuing TECHMAP pass.
Using template $paramod$838872d5a4bab89607f53482b205c0fd50d8b82e\CCU2C for cells of type $paramod$838872d5a4bab89607f53482b205c0fd50d8b82e\CCU2C.
No more expansions possible.
<suppressed ~22 debug messages>
Removed 34 unused cells and 913 unused wires.

7.44. Executing TECHMAP pass (map to technology primitives).

7.44.1. Executing Verilog-2005 frontend: /usr/local/bin/../share/yosys/ecp5/cells_map.v
Parsing Verilog input from `/usr/local/bin/../share/yosys/ecp5/cells_map.v' to AST representation.
Generating RTLIL representation for module `\$_DFF_N_'.
Generating RTLIL representation for module `\$_DFF_P_'.
Generating RTLIL representation for module `\$_DFFE_NN_'.
Generating RTLIL representation for module `\$_DFFE_PN_'.
Generating RTLIL representation for module `\$_DFFE_NP_'.
Generating RTLIL representation for module `\$_DFFE_PP_'.
Generating RTLIL representation for module `\$_DFF_NP0_'.
Generating RTLIL representation for module `\$_DFF_NP1_'.
Generating RTLIL representation for module `\$_DFF_PP0_'.
Generating RTLIL representation for module `\$_DFF_PP1_'.
Generating RTLIL representation for module `\$_SDFF_NP0_'.
Generating RTLIL representation for module `\$_SDFF_NP1_'.
Generating RTLIL representation for module `\$_SDFF_PP0_'.
Generating RTLIL representation for module `\$_SDFF_PP1_'.
Generating RTLIL representation for module `\$_DFFE_NP0P_'.
Generating RTLIL representation for module `\$_DFFE_NP1P_'.
Generating RTLIL representation for module `\$_DFFE_PP0P_'.
Generating RTLIL representation for module `\$_DFFE_PP1P_'.
Generating RTLIL representation for module `\$_DFFE_NP0N_'.
Generating RTLIL representation for module `\$_DFFE_NP1N_'.
Generating RTLIL representation for module `\$_DFFE_PP0N_'.
Generating RTLIL representation for module `\$_DFFE_PP1N_'.
Generating RTLIL representation for module `\$_SDFFE_NP0P_'.
Generating RTLIL representation for module `\$_SDFFE_NP1P_'.
Generating RTLIL representation for module `\$_SDFFE_PP0P_'.
Generating RTLIL representation for module `\$_SDFFE_PP1P_'.
Generating RTLIL representation for module `\$_SDFFE_NP0N_'.
Generating RTLIL representation for module `\$_SDFFE_NP1N_'.
Generating RTLIL representation for module `\$_SDFFE_PP0N_'.
Generating RTLIL representation for module `\$_SDFFE_PP1N_'.
Generating RTLIL representation for module `\$_ALDFF_NP_'.
Generating RTLIL representation for module `\$_ALDFF_PP_'.
Generating RTLIL representation for module `\$_ALDFFE_NPN_'.
Generating RTLIL representation for module `\$_ALDFFE_NPP_'.
Generating RTLIL representation for module `\$_ALDFFE_PPN_'.
Generating RTLIL representation for module `\$_ALDFFE_PPP_'.
Generating RTLIL representation for module `\FD1P3AX'.
Generating RTLIL representation for module `\FD1P3AY'.
Generating RTLIL representation for module `\FD1P3BX'.
Generating RTLIL representation for module `\FD1P3DX'.
Generating RTLIL representation for module `\FD1P3IX'.
Generating RTLIL representation for module `\FD1P3JX'.
Generating RTLIL representation for module `\FD1S3AX'.
Generating RTLIL representation for module `\FD1S3AY'.
Generating RTLIL representation for module `\FD1S3BX'.
Generating RTLIL representation for module `\FD1S3DX'.
Generating RTLIL representation for module `\FD1S3IX'.
Generating RTLIL representation for module `\FD1S3JX'.
Generating RTLIL representation for module `\IFS1P3BX'.
Generating RTLIL representation for module `\IFS1P3DX'.
Generating RTLIL representation for module `\IFS1P3IX'.
Generating RTLIL representation for module `\IFS1P3JX'.
Generating RTLIL representation for module `\OFS1P3BX'.
Generating RTLIL representation for module `\OFS1P3DX'.
Generating RTLIL representation for module `\OFS1P3IX'.
Generating RTLIL representation for module `\OFS1P3JX'.
Generating RTLIL representation for module `\IB'.
Generating RTLIL representation for module `\IBPU'.
Generating RTLIL representation for module `\IBPD'.
Generating RTLIL representation for module `\OB'.
Generating RTLIL representation for module `\OBZ'.
Generating RTLIL representation for module `\OBZPU'.
Generating RTLIL representation for module `\OBZPD'.
Generating RTLIL representation for module `\OBCO'.
Generating RTLIL representation for module `\BB'.
Generating RTLIL representation for module `\BBPU'.
Generating RTLIL representation for module `\BBPD'.
Generating RTLIL representation for module `\ILVDS'.
Generating RTLIL representation for module `\OLVDS'.
Generating RTLIL representation for module `\$lut'.
Successfully finished Verilog frontend.

7.44.2. Continuing TECHMAP pass.
Using template $paramod\$lut\WIDTH=32'00000000000000000000000000000011\LUT=8'10101100 for cells of type $lut.
Using template $paramod\$lut\WIDTH=32'00000000000000000000000000000011\LUT=8'00000001 for cells of type $lut.
Using template $paramod\$lut\WIDTH=32'00000000000000000000000000000011\LUT=8'11110001 for cells of type $lut.
Using template $paramod\$lut\WIDTH=32'00000000000000000000000000000010\LUT=4'0010 for cells of type $lut.
Using template $paramod\$lut\WIDTH=32'00000000000000000000000000000010\LUT=4'0100 for cells of type $lut.
Using template $paramod\$lut\WIDTH=32'00000000000000000000000000000011\LUT=8'00000100 for cells of type $lut.
Using template $paramod$658b9ed803f0d3d335616d3858b53e0a2522f1e8\$lut for cells of type $lut.
Using template $paramod$46489cb00c3267e30455805850e07ac27abaaec9\$lut for cells of type $lut.
Using template $paramod\$lut\WIDTH=32'00000000000000000000000000000011\LUT=8'00000010 for cells of type $lut.
Using template $paramod\$lut\WIDTH=32'00000000000000000000000000000011\LUT=8'10101001 for cells of type $lut.
Using template $paramod\$lut\WIDTH=32'00000000000000000000000000000011\LUT=8'11101000 for cells of type $lut.
Using template $paramod\$lut\WIDTH=32'00000000000000000000000000000010\LUT=4'0110 for cells of type $lut.
Using template $paramod\$lut\WIDTH=32'00000000000000000000000000000011\LUT=8'01101010 for cells of type $lut.
Using template $paramod$619b7c9a4d44585e10b42f7fb79b16304cca97c5\$lut for cells of type $lut.
Using template $paramod$8ac165cc7399d1bfcfe454313043096544fc6d80\$lut for cells of type $lut.
Using template $paramod\$lut\WIDTH=32'00000000000000000000000000000001\LUT=2'01 for cells of type $lut.
Using template $paramod$01cbc9f2eb2cc4241ded6de72b111cacf10027fe\$lut for cells of type $lut.
Using template $paramod\$lut\WIDTH=32'00000000000000000000000000000011\LUT=8'10111000 for cells of type $lut.
Using template $paramod$7a85a187bb2c69a7a723b82fbf716a27d2e42744\$lut for cells of type $lut.
Using template $paramod\$lut\WIDTH=32'00000000000000000000000000000010\LUT=4'1110 for cells of type $lut.
No more expansions possible.
<suppressed ~385 debug messages>

7.45. Executing OPT_LUT_INS pass (discard unused LUT inputs).
Optimizing LUTs in mult_32.
  Optimizing lut $auto$abc9_ops.cc:1549:reintegrate$2878.genblk1.genblk1.genblk1.genblk1.genblk1.genblk1.lut2 (4 -> 0)
  Optimizing lut $auto$abc9_ops.cc:1549:reintegrate$2874.genblk1.genblk1.genblk1.genblk1.genblk1.genblk1.lut2 (4 -> 0)
  Optimizing lut $auto$abc9_ops.cc:1549:reintegrate$2874.genblk1.genblk1.genblk1.genblk1.genblk1.genblk1.lut3 (4 -> 0)
  Optimizing lut $abc$2845$lut$aiger2844$261.genblk1.genblk1.genblk1.genblk1.genblk1.lut0 (4 -> 0)
  Optimizing lut $auto$abc9_ops.cc:1549:reintegrate$2874.genblk1.genblk1.genblk1.genblk1.genblk1.genblk1.lut0 (4 -> 0)
  Optimizing lut $auto$abc9_ops.cc:1549:reintegrate$2878.genblk1.genblk1.genblk1.genblk1.genblk1.genblk1.lut0 (4 -> 0)
  Optimizing lut $auto$abc9_ops.cc:1549:reintegrate$2878.genblk1.genblk1.genblk1.genblk1.genblk1.genblk1.lut1 (4 -> 0)
Removed 0 unused cells and 111 unused wires.

7.46. Executing AUTONAME pass.
Renamed 1121 objects in module mult_32 (18 iterations).
<suppressed ~225 debug messages>

7.47. Executing HIERARCHY pass (managing design hierarchy).
Attribute `top' found on module `mult_32'. Setting top module to mult_32.

7.47.1. Analyzing design hierarchy..
Top module:  \mult_32

7.47.2. Analyzing design hierarchy..
Top module:  \mult_32
Removed 0 unused modules.

7.48. Printing statistics.

=== mult_32 ===

   Number of wires:                 87
   Number of wire bits:            435
   Number of public wires:          87
   Number of public wire bits:     435
   Number of ports:                  7
   Number of port bits:             68
   Number of memories:               0
   Number of memory bits:            0
   Number of processes:              0
   Number of cells:                181
     $scopeinfo                      5
     CCU2C                          16
     L6MUX21                         2
     LUT4                           61
     PFUMX                           6
     TRELLIS_FF                     91

7.49. Executing CHECK pass (checking for obvious problems).
Checking module mult_32...
Found and reported 0 problems.

7.50. Executing JSON backend.

8. Executing Verilog backend.

8.1. Executing BMUXMAP pass.

8.2. Executing DEMUXMAP pass.
Dumping module `\mult_32'.

End of script. Logfile hash: 804b5a93a5, CPU: user 0.61s system 0.04s, MEM: 32.77 MB peak
Yosys 0.53+81 (git sha1 378add372, g++ 14.2.0-19ubuntu2 -fPIC -O3)
Time spent: 40% 31x read_verilog (0 sec), 9% 11x techmap (0 sec), ...
