Mon Sep 29 19:17:42 UTC 2025 - Executing "openroad -exit -no_init -python /openlane/scripts/odbpy/lefutil.py get_metal_layers -o /openlane/designs/femto/runs/full_guide/tmp/layers.list /home/sebastian/.ciel/sky130A/libs.ref/sky130_fd_sc_hd/techlef/sky130_fd_sc_hd__nom.tlef"

Mon Sep 29 19:17:42 UTC 2025 - Executing "/openlane/scripts/mergeLef.py -o /openlane/designs/femto/runs/full_guide/tmp/merged.nom.lef -i /home/sebastian/.ciel/sky130A/libs.ref/sky130_fd_sc_hd/techlef/sky130_fd_sc_hd__nom.tlef {/home/sebastian/.ciel/sky130A/libs.ref/sky130_fd_sc_hd/lef/sky130_ef_sc_hd.lef /home/sebastian/.ciel/sky130A/libs.ref/sky130_fd_sc_hd/lef/sky130_fd_sc_hd.lef} |& tee /dev/null"

Mon Sep 29 19:17:42 UTC 2025 - Executing "/openlane/scripts/mergeLef.py -o /openlane/designs/femto/runs/full_guide/tmp/merged.min.lef -i /home/sebastian/.ciel/sky130A/libs.ref/sky130_fd_sc_hd/techlef/sky130_fd_sc_hd__min.tlef {/home/sebastian/.ciel/sky130A/libs.ref/sky130_fd_sc_hd/lef/sky130_ef_sc_hd.lef /home/sebastian/.ciel/sky130A/libs.ref/sky130_fd_sc_hd/lef/sky130_fd_sc_hd.lef} |& tee /dev/null"

Mon Sep 29 19:17:42 UTC 2025 - Executing "/openlane/scripts/mergeLef.py -o /openlane/designs/femto/runs/full_guide/tmp/merged.max.lef -i /home/sebastian/.ciel/sky130A/libs.ref/sky130_fd_sc_hd/techlef/sky130_fd_sc_hd__max.tlef {/home/sebastian/.ciel/sky130A/libs.ref/sky130_fd_sc_hd/lef/sky130_ef_sc_hd.lef /home/sebastian/.ciel/sky130A/libs.ref/sky130_fd_sc_hd/lef/sky130_fd_sc_hd.lef} |& tee /dev/null"

Mon Sep 29 19:17:42 UTC 2025 - Executing "python3 /openlane/scripts/mergeLib.py --output /openlane/designs/femto/runs/full_guide/tmp/synthesis/merged.lib --name sky130A_merged /home/sebastian/.ciel/sky130A/libs.ref/sky130_fd_sc_hd/lib/sky130_fd_sc_hd__tt_025C_1v80.lib"

Mon Sep 29 19:17:42 UTC 2025 - Executing "python3 /openlane/scripts/libtrim.py --cell-file /openlane/designs/femto/runs/full_guide/tmp/synthesis/trimmed.lib.exclude.list --output /openlane/designs/femto/runs/full_guide/tmp/synthesis/trimmed.lib /openlane/designs/femto/runs/full_guide/tmp/synthesis/merged.lib"

Mon Sep 29 19:17:42 UTC 2025 - Executing "python3 /openlane/scripts/libtrim.py --cell-file /openlane/designs/femto/runs/full_guide/tmp/cts/cts.lib.exclude.list --output /openlane/designs/femto/runs/full_guide/tmp/cts/cts.lib /home/sebastian/.ciel/sky130A/libs.ref/sky130_fd_sc_hd/lib/sky130_fd_sc_hd__tt_025C_1v80.lib"

Mon Sep 29 19:17:43 UTC 2025 - Executing "python3 /openlane/scripts/libtrim.py --cell-file /openlane/designs/femto/runs/full_guide/tmp/cts/cts-fastest.lib.exclude.list --output /openlane/designs/femto/runs/full_guide/tmp/cts/cts-fastest.lib /home/sebastian/.ciel/sky130A/libs.ref/sky130_fd_sc_hd/lib/sky130_fd_sc_hd__ff_n40C_1v95.lib"

Mon Sep 29 19:17:43 UTC 2025 - Executing "python3 /openlane/scripts/libtrim.py --cell-file /openlane/designs/femto/runs/full_guide/tmp/cts/cts-slowest.lib.exclude.list --output /openlane/designs/femto/runs/full_guide/tmp/cts/cts-slowest.lib /home/sebastian/.ciel/sky130A/libs.ref/sky130_fd_sc_hd/lib/sky130_fd_sc_hd__ss_100C_1v60.lib"

Mon Sep 29 19:17:43 UTC 2025 - Executing "python3 /openlane/scripts/new_tracks.py -i /home/sebastian/.ciel/sky130A/libs.tech/openlane/sky130_fd_sc_hd/tracks.info -o /openlane/designs/femto/runs/full_guide/tmp/routing/config.tracks"

Mon Sep 29 19:17:43 UTC 2025 - Executing "echo {OpenLane ff5509f65b17bfa4068d5336495ab1718987ff69} > /openlane/designs/femto/runs/full_guide/OPENLANE_COMMIT"

Mon Sep 29 19:17:43 UTC 2025 - Executing "bash -c {verilator  --lint-only  -Wall  --Wno-DECLFILENAME  --top-module femto  /openlane/designs/femto/src/acc.v /openlane/designs/femto/src/femto.v /openlane/designs/femto/src/uart.v /openlane/designs/femto/src/mult.v /openlane/designs/femto/src/MappedSPIRAM.v /openlane/designs/femto/src/control_mult.v /openlane/designs/femto/src/MappedSPIFlash.v /openlane/designs/femto/src/rsr.v /openlane/designs/femto/src/perip_uart.v /openlane/designs/femto/src/femtorv32_quark.v /openlane/designs/femto/src/comp.v /openlane/designs/femto/src/mult_32.v /openlane/designs/femto/src/lsr.v /openlane/designs/femto/src/bram.v /openlane/designs/femto/src/perip_mult.v -Wno-fatal --relative-includes |& tee /openlane/designs/femto/runs/full_guide/logs/synthesis/linter.log /dev/null}"

Mon Sep 29 19:17:43 UTC 2025 - Executing "sed -E {s/^([[:space:]]+)pg_pin(.*)/\1pin\2\n\1    direction : "inout";/g} /home/sebastian/.ciel/sky130A/libs.ref/sky130_fd_sc_hd/lib/sky130_fd_sc_hd__tt_025C_1v80.lib > /openlane/designs/femto/runs/full_guide/tmp/synthesis/1-sky130_fd_sc_hd__tt_025C_1v80.no_pg.lib"

Mon Sep 29 19:17:43 UTC 2025 - Executing "sed -E {s/^([[:space:]]+)pg_pin(.*)/\1pin\2\n\1    direction : "inout";/g} /openlane/designs/femto/runs/full_guide/tmp/synthesis/trimmed.lib > /openlane/designs/femto/runs/full_guide/tmp/synthesis/1-trimmed.no_pg.lib"

Mon Sep 29 19:17:43 UTC 2025 - Executing "yosys -c /openlane/scripts/yosys/synth.tcl |& tee /dev/null /openlane/designs/femto/runs/full_guide/logs/synthesis/1-synthesis.log"

Mon Sep 29 19:17:58 UTC 2025 - Executing "sed -i.bak -e {s/\(set ::env(CURRENT_NETLIST)\).*/\1 \/openlane\/designs\/femto\/runs\/full_guide\/results\/synthesis\/femto.v/} /openlane/designs/femto/runs/full_guide/config.tcl"

Mon Sep 29 19:17:58 UTC 2025 - Executing "sed -i.bak /defparam/d /openlane/designs/femto/runs/full_guide/results/synthesis/femto.v"

Mon Sep 29 19:17:59 UTC 2025 - Executing "sta -exit -no_init /openlane/scripts/openroad/sta/multi_corner.tcl |& tee /dev/null /openlane/designs/femto/runs/full_guide/logs/synthesis/2-sta.log"

Mon Sep 29 19:18:00 UTC 2025 - Executing "openroad -exit /openlane/scripts/openroad/floorplan.tcl |& tee /dev/null /openlane/designs/femto/runs/full_guide/logs/floorplan/3-initial_fp.log"

Mon Sep 29 19:18:01 UTC 2025 - Executing "openroad -exit -no_init -python /openlane/scripts/odbpy/defutil.py extract_core_dims --output-data /openlane/designs/femto/runs/full_guide/tmp/dimensions.txt --input-lef /openlane/designs/femto/runs/full_guide/tmp/merged.nom.lef /openlane/designs/femto/runs/full_guide/tmp/floorplan/3-initial_fp.def"

Mon Sep 29 19:18:01 UTC 2025 - Executing "openroad -exit /openlane/scripts/openroad/ioplacer.tcl |& tee /dev/null /openlane/designs/femto/runs/full_guide/logs/floorplan/4-io.log"

Mon Sep 29 19:18:01 UTC 2025 - Executing "openroad -exit /openlane/scripts/openroad/tapcell.tcl |& tee /dev/null /openlane/designs/femto/runs/full_guide/logs/floorplan/5-tap.log"

Mon Sep 29 19:18:02 UTC 2025 - Executing "openroad -exit /openlane/scripts/openroad/pdn.tcl |& tee /dev/null /openlane/designs/femto/runs/full_guide/logs/floorplan/6-pdn.log"

Mon Sep 29 19:18:03 UTC 2025 - Executing "openroad -exit /openlane/scripts/openroad/gpl.tcl |& tee /dev/null /openlane/designs/femto/runs/full_guide/logs/placement/7-global.log"

Mon Sep 29 19:18:17 UTC 2025 - Executing "sed -i.bak -e {s/\(set ::env(CURRENT_NETLIST)\).*/\1 \/openlane\/designs\/femto\/runs\/full_guide\/tmp\/placement\/7-global.nl.v/} /openlane/designs/femto/runs/full_guide/config.tcl"

Mon Sep 29 19:18:17 UTC 2025 - Executing "openroad -exit /openlane/scripts/openroad/sta/multi_corner.tcl |& tee /dev/null /openlane/designs/femto/runs/full_guide/logs/placement/8-gpl_sta.log"

Mon Sep 29 19:18:19 UTC 2025 - Executing "openroad -exit /openlane/scripts/openroad/resizer.tcl |& tee /dev/null /openlane/designs/femto/runs/full_guide/logs/placement/9-resizer.log"

Mon Sep 29 19:18:23 UTC 2025 - Executing "sed -i.bak -e {s/\(set ::env(CURRENT_NETLIST)\).*/\1 \/openlane\/designs\/femto\/runs\/full_guide\/tmp\/placement\/9-resizer.nl.v/} /openlane/designs/femto/runs/full_guide/config.tcl"

Mon Sep 29 19:18:23 UTC 2025 - Executing "openroad -exit /openlane/scripts/openroad/dpl.tcl |& tee /dev/null /openlane/designs/femto/runs/full_guide/logs/placement/10-detailed.log"

Mon Sep 29 19:18:24 UTC 2025 - Executing "sed -i.bak -e {s/\(set ::env(CURRENT_NETLIST)\).*/\1 \/openlane\/designs\/femto\/runs\/full_guide\/results\/placement\/femto.nl.v/} /openlane/designs/femto/runs/full_guide/config.tcl"

Mon Sep 29 19:18:24 UTC 2025 - Executing "openroad -exit /openlane/scripts/openroad/sta/multi_corner.tcl |& tee /dev/null /openlane/designs/femto/runs/full_guide/logs/placement/11-dpl_sta.log"

Mon Sep 29 19:18:26 UTC 2025 - Executing "openroad -exit /openlane/scripts/openroad/cts.tcl |& tee /dev/null /openlane/designs/femto/runs/full_guide/logs/cts/12-cts.log"

Mon Sep 29 19:18:52 UTC 2025 - Executing "openroad -exit /openlane/scripts/openroad/sta/multi_corner.tcl |& tee /dev/null /openlane/designs/femto/runs/full_guide/logs/cts/13-cts_sta.log"

Mon Sep 29 19:18:55 UTC 2025 - Executing "openroad -exit /openlane/scripts/openroad/resizer_timing.tcl |& tee /dev/null /openlane/designs/femto/runs/full_guide/logs/cts/14-resizer.log"

Mon Sep 29 19:19:20 UTC 2025 - Executing "sed -i.bak -e {s/\(set ::env(CURRENT_NETLIST)\).*/\1 \/openlane\/designs\/femto\/runs\/full_guide\/tmp\/cts\/14-femto.resized.nl.v/} /openlane/designs/femto/runs/full_guide/config.tcl"

Mon Sep 29 19:19:20 UTC 2025 - Executing "openroad -exit /openlane/scripts/openroad/resizer_routing_design.tcl |& tee /dev/null /openlane/designs/femto/runs/full_guide/logs/routing/15-resizer_design.log"

Mon Sep 29 19:19:27 UTC 2025 - Executing "sed -i.bak -e {s/\(set ::env(CURRENT_NETLIST)\).*/\1 \/openlane\/designs\/femto\/runs\/full_guide\/tmp\/15-femto.nl.v/} /openlane/designs/femto/runs/full_guide/config.tcl"

Mon Sep 29 19:19:27 UTC 2025 - Executing "openroad -exit /openlane/scripts/openroad/sta/multi_corner.tcl |& tee /dev/null /openlane/designs/femto/runs/full_guide/logs/routing/16-rsz_design_sta.log"

Mon Sep 29 19:19:31 UTC 2025 - Executing "openroad -exit /openlane/scripts/openroad/resizer_routing_timing.tcl |& tee /dev/null /openlane/designs/femto/runs/full_guide/logs/routing/17-resizer_timing.log"

Mon Sep 29 19:19:52 UTC 2025 - Executing "sed -i.bak -e {s/\(set ::env(CURRENT_NETLIST)\).*/\1 \/openlane\/designs\/femto\/runs\/full_guide\/tmp\/17-femto.nl.v/} /openlane/designs/femto/runs/full_guide/config.tcl"

Mon Sep 29 19:19:52 UTC 2025 - Executing "openroad -exit /openlane/scripts/openroad/sta/multi_corner.tcl |& tee /dev/null /openlane/designs/femto/runs/full_guide/logs/routing/18-rsz_timing_sta.log"

Mon Sep 29 19:19:56 UTC 2025 - Executing "openroad -exit /openlane/scripts/openroad/groute.tcl |& tee /dev/null /openlane/designs/femto/runs/full_guide/logs/routing/19-global.log"

Mon Sep 29 19:19:59 UTC 2025 - Executing "openroad -exit /openlane/scripts/openroad/write_views.tcl |& tee /dev/null /openlane/designs/femto/runs/full_guide/logs/routing/19-global_write_netlist.log"

Mon Sep 29 19:19:59 UTC 2025 - Executing "sed -i.bak -e {s/\(set ::env(CURRENT_NETLIST)\).*/\1 \/openlane\/designs\/femto\/runs\/full_guide\/tmp\/routing\/global.nl.v/} /openlane/designs/femto/runs/full_guide/config.tcl"

Mon Sep 29 19:20:00 UTC 2025 - Executing "openroad -exit /openlane/scripts/openroad/sta/multi_corner.tcl |& tee /dev/null /openlane/designs/femto/runs/full_guide/logs/routing/21-grt_sta.log"

Mon Sep 29 19:20:02 UTC 2025 - Executing "openroad -exit /openlane/scripts/openroad/fill.tcl |& tee /dev/null /openlane/designs/femto/runs/full_guide/logs/routing/22-fill.log"

Mon Sep 29 19:20:03 UTC 2025 - Executing "sed -i.bak -e {s/\(set ::env(CURRENT_NETLIST)\).*/\1 \/openlane\/designs\/femto\/runs\/full_guide\/tmp\/routing\/22-fill.nl.v/} /openlane/designs/femto/runs/full_guide/config.tcl"

Mon Sep 29 19:20:03 UTC 2025 - Executing "openroad -exit /openlane/scripts/openroad/droute.tcl |& tee /dev/null /openlane/designs/femto/runs/full_guide/logs/routing/23-detailed.log"

Mon Sep 29 19:29:43 UTC 2025 - Executing "sed -i.bak -e {s/\(set ::env(CURRENT_NETLIST)\).*/\1 \/openlane\/designs\/femto\/runs\/full_guide\/results\/routing\/femto.nl.v/} /openlane/designs/femto/runs/full_guide/config.tcl"

Mon Sep 29 19:29:43 UTC 2025 - Executing "python3 /openlane/scripts/drc_rosetta.py tr to_klayout -o /openlane/designs/femto/runs/full_guide/reports/routing/drt.klayout.xml --design-name femto /openlane/designs/femto/runs/full_guide/reports/routing/drt.drc"

Mon Sep 29 19:29:43 UTC 2025 - Executing "openroad -exit -no_init -python /openlane/scripts/odbpy/wire_lengths.py --report-out /openlane/designs/femto/runs/full_guide/reports/routing/24-wire_lengths.csv --input-lef /openlane/designs/femto/runs/full_guide/tmp/merged.nom.lef --output-def /dev/null --output /openlane/designs/femto/runs/full_guide/results/routing/femto.odb /openlane/designs/femto/runs/full_guide/results/routing/femto.odb |& tee /dev/null /openlane/designs/femto/runs/full_guide/logs/routing/24-wire_lengths.log"

Mon Sep 29 19:29:44 UTC 2025 - Executing "openroad -exit /openlane/scripts/openroad/rcx.tcl |& tee /dev/null /openlane/designs/femto/runs/full_guide/logs/signoff/25-parasitics_extraction.min.log"

Mon Sep 29 19:29:48 UTC 2025 - Executing "sta -exit -no_init /openlane/scripts/openroad/sta/multi_corner.tcl |& tee /dev/null /openlane/designs/femto/runs/full_guide/logs/signoff/26-rcx_mcsta.min.log"

Mon Sep 29 19:30:04 UTC 2025 - Executing "openroad -exit /openlane/scripts/openroad/rcx.tcl |& tee /dev/null /openlane/designs/femto/runs/full_guide/logs/signoff/27-parasitics_extraction.max.log"

Mon Sep 29 19:30:08 UTC 2025 - Executing "sta -exit -no_init /openlane/scripts/openroad/sta/multi_corner.tcl |& tee /dev/null /openlane/designs/femto/runs/full_guide/logs/signoff/28-rcx_mcsta.max.log"

Mon Sep 29 19:30:25 UTC 2025 - Executing "openroad -exit /openlane/scripts/openroad/rcx.tcl |& tee /dev/null /openlane/designs/femto/runs/full_guide/logs/signoff/29-parasitics_extraction.nom.log"

Mon Sep 29 19:30:29 UTC 2025 - Executing "sta -exit -no_init /openlane/scripts/openroad/sta/multi_corner.tcl |& tee /dev/null /openlane/designs/femto/runs/full_guide/logs/signoff/30-rcx_mcsta.nom.log"

Mon Sep 29 19:30:46 UTC 2025 - Executing "sta -exit -no_init /openlane/scripts/openroad/sta/multi_corner.tcl |& tee /dev/null /openlane/designs/femto/runs/full_guide/logs/signoff/31-rcx_sta.log"

Mon Sep 29 19:30:51 UTC 2025 - Executing "openroad -exit /openlane/scripts/openroad/irdrop.tcl |& tee /dev/null /openlane/designs/femto/runs/full_guide/logs/signoff/32-irdrop.log"

Mon Sep 29 19:30:54 UTC 2025 - Executing "magic -noconsole -dnull -rcfile /home/sebastian/.ciel/sky130A/libs.tech/magic/sky130A.magicrc < /openlane/scripts/magic/wrapper.tcl |& tee /dev/null /openlane/designs/femto/runs/full_guide/logs/signoff/33-gdsii.log"

Mon Sep 29 19:31:00 UTC 2025 - Executing "magic -noconsole -dnull -rcfile /home/sebastian/.ciel/sky130A/libs.tech/magic/sky130A.magicrc < /openlane/scripts/magic/wrapper.tcl |& tee /dev/null /openlane/designs/femto/runs/full_guide/logs/signoff/33-gds_ptrs.log"

Mon Sep 29 19:31:04 UTC 2025 - Executing "sed -i.bak -n {/^<< properties >>/,/^<< end >>/p} /openlane/designs/femto/runs/full_guide/tmp/signoff/gds_ptrs.mag"

Mon Sep 29 19:31:05 UTC 2025 - Executing "magic -noconsole -dnull -rcfile /home/sebastian/.ciel/sky130A/libs.tech/magic/sky130A.magicrc < /openlane/scripts/magic/wrapper.tcl |& tee /dev/null /openlane/designs/femto/runs/full_guide/logs/signoff/33-lef.log"

Mon Sep 29 19:31:11 UTC 2025 - Executing "magic -noconsole -dnull -rcfile /home/sebastian/.ciel/sky130A/libs.tech/magic/sky130A.magicrc < /openlane/scripts/magic/wrapper.tcl |& tee /dev/null /openlane/designs/femto/runs/full_guide/logs/signoff/33-maglef.log"

Mon Sep 29 19:31:12 UTC 2025 - Executing "python3 /openlane/scripts/klayout/stream_out.py --output /openlane/designs/femto/runs/full_guide/results/signoff/femto.klayout.gds --lyt /home/sebastian/.ciel/sky130A/libs.tech/klayout/tech/sky130A.lyt --lym /home/sebastian/.ciel/sky130A/libs.tech/klayout/tech/sky130A.map --lyp /home/sebastian/.ciel/sky130A/libs.tech/klayout/tech/sky130A.lyp --top femto --with-gds-file /home/sebastian/.ciel/sky130A/libs.ref/sky130_fd_sc_hd/gds/sky130_fd_sc_hd.gds --input-lef /openlane/designs/femto/runs/full_guide/tmp/merged.nom.lef /openlane/designs/femto/runs/full_guide/results/routing/femto.def |& tee /dev/null /openlane/designs/femto/runs/full_guide/logs/signoff/34-gdsii-klayout.log"

Mon Sep 29 19:31:13 UTC 2025 - Executing "klayout -b -r /openlane/scripts/klayout/xor.drc -rd a=/openlane/designs/femto/runs/full_guide/results/signoff/femto.gds -rd b=/openlane/designs/femto/runs/full_guide/results/signoff/femto.klayout.gds -rd jobs=1 -rd rdb_out=/openlane/designs/femto/runs/full_guide/reports/signoff/35-xor.xml -rd ignore=81/14 -rd rpt_out=/openlane/designs/femto/runs/full_guide/reports/signoff/35-xor.rpt |& tee /dev/null /openlane/designs/femto/runs/full_guide/logs/signoff/35-xor.log"

Mon Sep 29 19:31:26 UTC 2025 - Executing "magic -noconsole -dnull -rcfile /home/sebastian/.ciel/sky130A/libs.tech/magic/sky130A.magicrc < /openlane/scripts/magic/wrapper.tcl |& tee /dev/null /openlane/designs/femto/runs/full_guide/logs/signoff/36-spice.log"

Mon Sep 29 19:31:38 UTC 2025 - Executing "openroad -exit -no_init -python /openlane/scripts/odbpy/power_utils.py write_powered_def --output /openlane/designs/femto/runs/full_guide/tmp/signoff/36-femto.p.def --input-lef /openlane/designs/femto/runs/full_guide/tmp/merged.nom.lef --power-port VPWR --ground-port VGND --powered-netlist {} /openlane/designs/femto/runs/full_guide/results/routing/femto.def |& tee /dev/null /openlane/designs/femto/runs/full_guide/logs/signoff/37-write_powered_def.log"

Mon Sep 29 19:31:39 UTC 2025 - Executing "openroad -exit /openlane/scripts/openroad/write_views.tcl |& tee /dev/null /openlane/designs/femto/runs/full_guide/logs/signoff/37-write_powered_verilog.log"

Mon Sep 29 19:31:41 UTC 2025 - Executing "sed -i.bak -e {s/\(set ::env(CURRENT_NETLIST)\).*/\1 \/openlane\/designs\/femto\/runs\/full_guide\/tmp\/signoff\/36-femto.nl.v/} /openlane/designs/femto/runs/full_guide/config.tcl"

Mon Sep 29 19:31:41 UTC 2025 - Executing "netgen -batch source /openlane/designs/femto/runs/full_guide/tmp/signoff/39-setup_file.lef.lvs |& tee /dev/null /openlane/designs/femto/runs/full_guide/logs/signoff/39-lvs.lef.log"

Mon Sep 29 19:31:43 UTC 2025 - Executing "magic -noconsole -dnull -rcfile /home/sebastian/.ciel/sky130A/libs.tech/magic/sky130A.magicrc < /openlane/scripts/magic/wrapper.tcl |& tee /dev/null /openlane/designs/femto/runs/full_guide/logs/signoff/40-drc.log"

Mon Sep 29 19:31:48 UTC 2025 - Executing "python3 /openlane/scripts/drc_rosetta.py magic to_tcl -o /openlane/designs/femto/runs/full_guide/reports/signoff/drc.tcl /openlane/designs/femto/runs/full_guide/reports/signoff/drc.rpt"

Mon Sep 29 19:31:48 UTC 2025 - Executing "python3 /openlane/scripts/drc_rosetta.py magic to_tr -o /openlane/designs/femto/runs/full_guide/reports/signoff/drc.tr /openlane/designs/femto/runs/full_guide/reports/signoff/drc.rpt"

Mon Sep 29 19:31:48 UTC 2025 - Executing "python3 /openlane/scripts/drc_rosetta.py tr to_klayout -o /openlane/designs/femto/runs/full_guide/reports/signoff/drc.klayout.xml --design-name femto /openlane/designs/femto/runs/full_guide/reports/signoff/drc.tr"

Mon Sep 29 19:31:48 UTC 2025 - Executing "python3 /openlane/scripts/drc_rosetta.py magic to_rdb -o /openlane/designs/femto/runs/full_guide/reports/signoff/drc.rdb /openlane/designs/femto/runs/full_guide/reports/signoff/drc.rpt"

Mon Sep 29 19:31:48 UTC 2025 - Executing "openroad -exit /openlane/scripts/openroad/antenna_check.tcl |& tee /dev/null /openlane/designs/femto/runs/full_guide/logs/signoff/41-arc.log"

Mon Sep 29 19:31:50 UTC 2025 - Executing "python3 /openlane/scripts/extract_antenna_violators.py --output /openlane/designs/femto/runs/full_guide/reports/signoff/41-antenna_violators.rpt --plain-out /openlane/designs/femto/runs/full_guide/reports/signoff/41-antenna_violators_pins.txt /openlane/designs/femto/runs/full_guide/logs/signoff/41-arc.log"

Mon Sep 29 19:31:50 UTC 2025 - Executing "awk -v vdd=VPWR -v gnd=VGND -f /home/sebastian/.ciel/sky130A/libs.tech/openlane/cvc/power.awk /openlane/designs/femto/runs/full_guide/tmp/signoff/36-femto.nl.v > /openlane/designs/femto/runs/full_guide/tmp/signoff/femto.power"

Mon Sep 29 19:31:50 UTC 2025 - Executing "awk -f /home/sebastian/.ciel/sky130A/libs.tech/openlane/cvc/cdl.awk /home/sebastian/.ciel/sky130A/libs.ref/sky130_fd_sc_hd/cdl/sky130_fd_sc_hd.cdl /openlane/designs/femto/runs/full_guide/results/signoff/femto.lef.spice > /openlane/designs/femto/runs/full_guide/tmp/signoff/femto.cdl"

Mon Sep 29 19:31:50 UTC 2025 - Executing "cvc_rv /home/sebastian/.ciel/sky130A/libs.tech/openlane/cvc/cvcrc |& tee /dev/null /openlane/designs/femto/runs/full_guide/logs/signoff/42-erc_screen.log"

