
===========================================================================
 report_power
============================================================================
======================= Fastest Corner ===================================

Group                  Internal  Switching    Leakage      Total
                          Power      Power      Power      Power (Watts)
----------------------------------------------------------------
Sequential             3.96e-03   1.09e-03   2.89e-08   5.05e-03  20.0%
Combinational          9.60e-03   1.06e-02   1.23e-07   2.01e-02  80.0%
Macro                  0.00e+00   0.00e+00   0.00e+00   0.00e+00   0.0%
Pad                    0.00e+00   0.00e+00   0.00e+00   0.00e+00   0.0%
----------------------------------------------------------------
Total                  1.36e-02   1.16e-02   1.52e-07   2.52e-02 100.0%
                          53.8%      46.2%       0.0%

======================= Slowest Corner ===================================

Group                  Internal  Switching    Leakage      Total
                          Power      Power      Power      Power (Watts)
----------------------------------------------------------------
Sequential             2.73e-03   7.03e-04   2.18e-05   3.45e-03  19.8%
Combinational          6.93e-03   6.97e-03   6.16e-05   1.40e-02  80.2%
Macro                  0.00e+00   0.00e+00   0.00e+00   0.00e+00   0.0%
Pad                    0.00e+00   0.00e+00   0.00e+00   0.00e+00   0.0%
----------------------------------------------------------------
Total                  9.65e-03   7.68e-03   8.34e-05   1.74e-02 100.0%
                          55.4%      44.1%       0.5%

======================= Typical Corner ===================================

Group                  Internal  Switching    Leakage      Total
                          Power      Power      Power      Power (Watts)
----------------------------------------------------------------
Sequential             3.44e-03   9.06e-04   1.95e-08   4.35e-03  20.0%
Combinational          8.52e-03   8.91e-03   6.02e-08   1.74e-02  80.0%
Macro                  0.00e+00   0.00e+00   0.00e+00   0.00e+00   0.0%
Pad                    0.00e+00   0.00e+00   0.00e+00   0.00e+00   0.0%
----------------------------------------------------------------
Total                  1.20e-02   9.81e-03   7.97e-08   2.18e-02 100.0%
                          54.9%      45.1%       0.0%

