
===========================================================================
 report_power
============================================================================
======================= Fastest Corner ===================================

Group                  Internal  Switching    Leakage      Total
                          Power      Power      Power      Power (Watts)
----------------------------------------------------------------
Sequential             3.96e-03   1.14e-03   2.89e-08   5.10e-03  19.7%
Combinational          9.61e-03   1.12e-02   1.23e-07   2.08e-02  80.3%
Macro                  0.00e+00   0.00e+00   0.00e+00   0.00e+00   0.0%
Pad                    0.00e+00   0.00e+00   0.00e+00   0.00e+00   0.0%
----------------------------------------------------------------
Total                  1.36e-02   1.23e-02   1.52e-07   2.59e-02 100.0%
                          52.4%      47.6%       0.0%

======================= Slowest Corner ===================================

Group                  Internal  Switching    Leakage      Total
                          Power      Power      Power      Power (Watts)
----------------------------------------------------------------
Sequential             2.72e-03   7.41e-04   2.18e-05   3.49e-03  19.5%
Combinational          6.93e-03   7.40e-03   6.16e-05   1.44e-02  80.5%
Macro                  0.00e+00   0.00e+00   0.00e+00   0.00e+00   0.0%
Pad                    0.00e+00   0.00e+00   0.00e+00   0.00e+00   0.0%
----------------------------------------------------------------
Total                  9.66e-03   8.14e-03   8.34e-05   1.79e-02 100.0%
                          54.0%      45.5%       0.5%

======================= Typical Corner ===================================

Group                  Internal  Switching    Leakage      Total
                          Power      Power      Power      Power (Watts)
----------------------------------------------------------------
Sequential             3.44e-03   9.54e-04   1.95e-08   4.39e-03  19.6%
Combinational          8.52e-03   9.45e-03   6.02e-08   1.80e-02  80.4%
Macro                  0.00e+00   0.00e+00   0.00e+00   0.00e+00   0.0%
Pad                    0.00e+00   0.00e+00   0.00e+00   0.00e+00   0.0%
----------------------------------------------------------------
Total                  1.20e-02   1.04e-02   7.97e-08   2.24e-02 100.0%
                          53.5%      46.5%       0.0%

