#! /usr/bin/vvp
:ivl_version "12.0 (stable)";
:ivl_delay_selection "TYPICAL";
:vpi_time_precision - 12;
:vpi_module "/usr/lib/x86_64-linux-gnu/ivl/system.vpi";
:vpi_module "/usr/lib/x86_64-linux-gnu/ivl/vhdl_sys.vpi";
:vpi_module "/usr/lib/x86_64-linux-gnu/ivl/vhdl_textio.vpi";
:vpi_module "/usr/lib/x86_64-linux-gnu/ivl/v2005_math.vpi";
:vpi_module "/usr/lib/x86_64-linux-gnu/ivl/va_math.vpi";
S_0x6424e16fa7c0 .scope module, "tt_um_mult_4_TB" "tt_um_mult_4_TB" 2 3;
 .timescale -9 -12;
P_0x6424e16af6b0 .param/l "PERIOD" 0 2 52, +C4<00000000000000000000000000010100>;
L_0x6424e16defe0 .functor BUFZ 8, v0x6424e1712030_0, C4<00000000>, C4<00000000>, C4<00000000>;
v0x6424e1732040_0 .var "A", 3 0;
v0x6424e1732120_0 .var "B", 3 0;
v0x6424e1732200_0 .net *"_ivl_12", 0 0, v0x6424e17327b0_0;  1 drivers
L_0x7b8d773b7018 .functor BUFT 1, C4<0000000>, C4<0>, C4<0>, C4<0>;
v0x6424e17322c0_0 .net/2u *"_ivl_16", 6 0, L_0x7b8d773b7018;  1 drivers
v0x6424e17323a0_0 .net *"_ivl_3", 3 0, v0x6424e1732040_0;  1 drivers
v0x6424e17324d0_0 .net *"_ivl_8", 3 0, v0x6424e1732120_0;  1 drivers
v0x6424e17325b0_0 .var "clk", 0 0;
v0x6424e1732650_0 .net "done", 0 0, L_0x6424e1733cc0;  1 drivers
L_0x7b8d773b7060 .functor BUFT 1, C4<1>, C4<0>, C4<0>, C4<0>;
v0x6424e1732710_0 .net "ena_tb", 0 0, L_0x7b8d773b7060;  1 drivers
v0x6424e17327b0_0 .var "init", 0 0;
v0x6424e1732850_0 .net "pp", 7 0, L_0x6424e16defe0;  1 drivers
v0x6424e1732930_0 .var "rst_n", 0 0;
v0x6424e17329d0_0 .net "ui_in_tb", 7 0, L_0x6424e1732d70;  1 drivers
v0x6424e1732a70_0 .net "uio_in_tb", 7 0, L_0x6424e1732f00;  1 drivers
L_0x7b8d773b7138 .functor BUFT 1, C4<00000000>, C4<0>, C4<0>, C4<0>;
v0x6424e1732b10_0 .net "uio_oe_tb", 7 0, L_0x7b8d773b7138;  1 drivers
v0x6424e1732bb0_0 .net "uio_out_tb", 7 0, L_0x6424e1733470;  1 drivers
v0x6424e1732c50_0 .net "uo_out_tb", 7 0, v0x6424e1712030_0;  1 drivers
L_0x6424e1732d70 .concat8 [ 4 4 0 0], v0x6424e1732040_0, v0x6424e1732120_0;
L_0x6424e1732f00 .concat8 [ 1 7 0 0], v0x6424e17327b0_0, L_0x7b8d773b7018;
L_0x6424e1733cc0 .part L_0x6424e1733470, 1, 1;
S_0x6424e16fa950 .scope module, "MUT" "tt_um_mult_4" 2 37, 3 3 0, S_0x6424e16fa7c0;
 .timescale -9 -12;
    .port_info 0 /INPUT 8 "ui_in";
    .port_info 1 /OUTPUT 8 "uo_out";
    .port_info 2 /INPUT 8 "uio_in";
    .port_info 3 /OUTPUT 8 "uio_out";
    .port_info 4 /OUTPUT 8 "uio_oe";
    .port_info 5 /INPUT 1 "ena";
    .port_info 6 /INPUT 1 "clk";
    .port_info 7 /INPUT 1 "rst_n";
L_0x7b8d773b70a8 .functor BUFT 1, C4<000000>, C4<0>, C4<0>, C4<0>;
v0x6424e1730ec0_0 .net/2s *"_ivl_10", 5 0, L_0x7b8d773b70a8;  1 drivers
L_0x7b8d773b70f0 .functor BUFT 1, C4<0>, C4<0>, C4<0>, C4<0>;
v0x6424e1730fc0_0 .net/2s *"_ivl_15", 0 0, L_0x7b8d773b70f0;  1 drivers
v0x6424e17310a0_0 .net *"_ivl_20", 6 0, L_0x6424e17336d0;  1 drivers
v0x6424e1731160_0 .net *"_ivl_22", 5 0, L_0x6424e1733770;  1 drivers
v0x6424e1731240_0 .net *"_ivl_24", 0 0, L_0x6424e1733850;  1 drivers
L_0x7b8d773b7180 .functor BUFT 1, C4<0>, C4<0>, C4<0>, C4<0>;
v0x6424e1731370_0 .net/2u *"_ivl_25", 0 0, L_0x7b8d773b7180;  1 drivers
v0x6424e1731450_0 .net *"_ivl_27", 23 0, L_0x6424e1733980;  1 drivers
v0x6424e1731530_0 .net "_unused", 0 0, L_0x6424e1733b10;  1 drivers
v0x6424e17315f0_0 .net "clk", 0 0, v0x6424e17325b0_0;  1 drivers
v0x6424e1731690_0 .net "ena", 0 0, L_0x7b8d773b7060;  alias, 1 drivers
v0x6424e1731750_0 .var "resetn", 0 0;
v0x6424e17317f0_0 .net "rst_n", 0 0, v0x6424e1732930_0;  1 drivers
v0x6424e17318b0_0 .net "ui_in", 7 0, L_0x6424e1732d70;  alias, 1 drivers
v0x6424e1731990_0 .net "uio_in", 7 0, L_0x6424e1732f00;  alias, 1 drivers
v0x6424e1731a70_0 .net "uio_oe", 7 0, L_0x7b8d773b7138;  alias, 1 drivers
v0x6424e1731b50_0 .net "uio_out", 7 0, L_0x6424e1733470;  alias, 1 drivers
v0x6424e1731c30_0 .net "uo_out", 7 0, v0x6424e1712030_0;  alias, 1 drivers
L_0x6424e1733180 .part L_0x6424e1732f00, 0, 1;
L_0x6424e1733290 .part L_0x6424e1732d70, 0, 4;
L_0x6424e1733380 .part L_0x6424e1732d70, 4, 4;
L_0x6424e1733470 .concat8 [ 1 1 6 0], L_0x7b8d773b70f0, v0x6424e172ee80_0, L_0x7b8d773b70a8;
L_0x6424e17336d0 .part L_0x6424e1732f00, 1, 7;
L_0x6424e1733770 .part L_0x6424e1733470, 2, 6;
L_0x6424e1733850 .part L_0x6424e1733470, 0, 1;
LS_0x6424e1733980_0_0 .concat [ 1 1 6 7], L_0x7b8d773b7180, L_0x6424e1733850, L_0x6424e1733770, L_0x6424e17336d0;
LS_0x6424e1733980_0_4 .concat [ 8 1 0 0], L_0x7b8d773b7138, L_0x7b8d773b7060;
L_0x6424e1733980 .concat [ 15 9 0 0], LS_0x6424e1733980_0_0, LS_0x6424e1733980_0_4;
L_0x6424e1733b10 .reduce/and L_0x6424e1733980;
S_0x6424e16fbe00 .scope module, "mult_4" "mult_4" 3 18, 3 38 0, S_0x6424e16fa950;
 .timescale -9 -12;
    .port_info 0 /INPUT 1 "clk";
    .port_info 1 /INPUT 1 "rst";
    .port_info 2 /INPUT 1 "init";
    .port_info 3 /INPUT 4 "A";
    .port_info 4 /INPUT 4 "B";
    .port_info 5 /OUTPUT 8 "pp";
    .port_info 6 /OUTPUT 1 "done";
v0x6424e1730440_0 .net "A", 3 0, L_0x6424e1733290;  1 drivers
v0x6424e1730520_0 .net "B", 3 0, L_0x6424e1733380;  1 drivers
v0x6424e17305c0_0 .net "clk", 0 0, v0x6424e17325b0_0;  alias, 1 drivers
v0x6424e1730690_0 .net "done", 0 0, v0x6424e172ee80_0;  1 drivers
v0x6424e1730760_0 .net "init", 0 0, L_0x6424e1733180;  1 drivers
v0x6424e1730800_0 .net "pp", 7 0, v0x6424e1712030_0;  alias, 1 drivers
v0x6424e17308d0_0 .net "rst", 0 0, v0x6424e1731750_0;  1 drivers
v0x6424e17309a0_0 .net "w_A", 7 0, v0x6424e172fb20_0;  1 drivers
v0x6424e1730a90_0 .net "w_B", 3 0, v0x6424e17301b0_0;  1 drivers
v0x6424e1730b30_0 .net "w_add", 0 0, v0x6424e172ec20_0;  1 drivers
v0x6424e1730c20_0 .net "w_reset", 0 0, v0x6424e172f0f0_0;  1 drivers
v0x6424e1730cc0_0 .net "w_sh", 0 0, v0x6424e172f230_0;  1 drivers
v0x6424e1730d60_0 .net "w_z", 0 0, L_0x6424e16e4fd0;  1 drivers
L_0x6424e17330e0 .part v0x6424e17301b0_0, 0, 1;
S_0x6424e16fc090 .scope module, "acc0" "acc" 3 60, 4 1 0, S_0x6424e16fbe00;
 .timescale -9 -12;
    .port_info 0 /INPUT 1 "clk";
    .port_info 1 /INPUT 8 "A";
    .port_info 2 /INPUT 1 "add";
    .port_info 3 /INPUT 1 "rst";
    .port_info 4 /OUTPUT 8 "pp";
v0x6424e17113b0_0 .net "A", 7 0, v0x6424e172fb20_0;  alias, 1 drivers
v0x6424e17118f0_0 .net "add", 0 0, v0x6424e172ec20_0;  alias, 1 drivers
v0x6424e1711bd0_0 .net "clk", 0 0, v0x6424e17325b0_0;  alias, 1 drivers
v0x6424e1712030_0 .var "pp", 7 0;
v0x6424e170f130_0 .net "rst", 0 0, v0x6424e172f0f0_0;  alias, 1 drivers
E_0x6424e16f9470 .event negedge, v0x6424e1711bd0_0;
S_0x6424e172e1b0 .scope module, "comp0" "comp" 3 59, 5 1 0, S_0x6424e16fbe00;
 .timescale -9 -12;
    .port_info 0 /INPUT 4 "B";
    .port_info 1 /OUTPUT 1 "z";
L_0x6424e16e4fd0 .functor BUFZ 1, v0x6424e16dfb50_0, C4<0>, C4<0>, C4<0>;
v0x6424e16df100_0 .net "B", 3 0, v0x6424e17301b0_0;  alias, 1 drivers
v0x6424e16dfb50_0 .var "tmp", 0 0;
v0x6424e172e470_0 .net "z", 0 0, L_0x6424e16e4fd0;  alias, 1 drivers
E_0x6424e1712b90 .event anyedge, v0x6424e16df100_0;
S_0x6424e172e570 .scope module, "control0" "control_mult" 3 61, 6 1 0, S_0x6424e16fbe00;
 .timescale -9 -12;
    .port_info 0 /INPUT 1 "clk";
    .port_info 1 /INPUT 1 "rst";
    .port_info 2 /INPUT 1 "lsb_B";
    .port_info 3 /INPUT 1 "init";
    .port_info 4 /INPUT 1 "z";
    .port_info 5 /OUTPUT 1 "done";
    .port_info 6 /OUTPUT 1 "sh";
    .port_info 7 /OUTPUT 1 "reset";
    .port_info 8 /OUTPUT 1 "add";
P_0x6424e172e750 .param/l "ADD" 0 6 19, C4<011>;
P_0x6424e172e790 .param/l "CHECK" 0 6 17, C4<001>;
P_0x6424e172e7d0 .param/l "END" 0 6 20, C4<100>;
P_0x6424e172e810 .param/l "SHIFT" 0 6 18, C4<010>;
P_0x6424e172e850 .param/l "START" 0 6 16, C4<000>;
v0x6424e172ec20_0 .var "add", 0 0;
v0x6424e172ece0_0 .net "clk", 0 0, v0x6424e17325b0_0;  alias, 1 drivers
v0x6424e172edb0_0 .var "count", 3 0;
v0x6424e172ee80_0 .var "done", 0 0;
v0x6424e172ef20_0 .net "init", 0 0, L_0x6424e1733180;  alias, 1 drivers
v0x6424e172f030_0 .net "lsb_B", 0 0, L_0x6424e17330e0;  1 drivers
v0x6424e172f0f0_0 .var "reset", 0 0;
v0x6424e172f190_0 .net "rst", 0 0, v0x6424e1731750_0;  alias, 1 drivers
v0x6424e172f230_0 .var "sh", 0 0;
v0x6424e172f2f0_0 .var "state", 2 0;
v0x6424e172f3d0_0 .var "state_name", 320 1;
v0x6424e172f4b0_0 .net "z", 0 0, L_0x6424e16e4fd0;  alias, 1 drivers
E_0x6424e1712a60 .event anyedge, v0x6424e172f2f0_0;
E_0x6424e17121d0 .event posedge, v0x6424e1711bd0_0;
S_0x6424e172f680 .scope module, "lsr0" "lsr" 3 58, 7 1 0, S_0x6424e16fbe00;
 .timescale -9 -12;
    .port_info 0 /INPUT 1 "clk";
    .port_info 1 /INPUT 4 "in_A";
    .port_info 2 /INPUT 1 "shift";
    .port_info 3 /INPUT 1 "load";
    .port_info 4 /OUTPUT 8 "s_A";
v0x6424e172f840_0 .net "clk", 0 0, v0x6424e17325b0_0;  alias, 1 drivers
v0x6424e172f950_0 .net "in_A", 3 0, L_0x6424e1733290;  alias, 1 drivers
v0x6424e172fa30_0 .net "load", 0 0, v0x6424e172f0f0_0;  alias, 1 drivers
v0x6424e172fb20_0 .var "s_A", 7 0;
v0x6424e172fbc0_0 .net "shift", 0 0, v0x6424e172f230_0;  alias, 1 drivers
S_0x6424e172fd40 .scope module, "rsr0" "rsr" 3 57, 8 1 0, S_0x6424e16fbe00;
 .timescale -9 -12;
    .port_info 0 /INPUT 1 "clk";
    .port_info 1 /INPUT 4 "in_B";
    .port_info 2 /INPUT 1 "shift";
    .port_info 3 /INPUT 1 "load";
    .port_info 4 /OUTPUT 4 "s_B";
v0x6424e172ff70_0 .net "clk", 0 0, v0x6424e17325b0_0;  alias, 1 drivers
v0x6424e1730030_0 .net "in_B", 3 0, L_0x6424e1733380;  alias, 1 drivers
v0x6424e1730110_0 .net "load", 0 0, v0x6424e172f0f0_0;  alias, 1 drivers
v0x6424e17301b0_0 .var "s_B", 3 0;
v0x6424e1730280_0 .net "shift", 0 0, v0x6424e172f230_0;  alias, 1 drivers
S_0x6424e1731e90 .scope begin, "TEST_CASE" "TEST_CASE" 2 87, 2 87 0, S_0x6424e16fa7c0;
 .timescale -9 -12;
    .scope S_0x6424e172fd40;
T_0 ;
    %wait E_0x6424e16f9470;
    %load/vec4 v0x6424e1730110_0;
    %flag_set/vec4 8;
    %jmp/0xz  T_0.0, 8;
    %load/vec4 v0x6424e1730030_0;
    %store/vec4 v0x6424e17301b0_0, 0, 4;
    %jmp T_0.1;
T_0.0 ;
    %load/vec4 v0x6424e1730280_0;
    %flag_set/vec4 8;
    %jmp/0xz  T_0.2, 8;
    %load/vec4 v0x6424e17301b0_0;
    %ix/load 4, 1, 0;
    %flag_set/imm 4, 0;
    %shiftr 4;
    %store/vec4 v0x6424e17301b0_0, 0, 4;
    %jmp T_0.3;
T_0.2 ;
    %load/vec4 v0x6424e17301b0_0;
    %store/vec4 v0x6424e17301b0_0, 0, 4;
T_0.3 ;
T_0.1 ;
    %jmp T_0;
    .thread T_0;
    .scope S_0x6424e172f680;
T_1 ;
    %wait E_0x6424e16f9470;
    %load/vec4 v0x6424e172fa30_0;
    %flag_set/vec4 8;
    %jmp/0xz  T_1.0, 8;
    %load/vec4 v0x6424e172f950_0;
    %pad/u 8;
    %store/vec4 v0x6424e172fb20_0, 0, 8;
    %jmp T_1.1;
T_1.0 ;
    %load/vec4 v0x6424e172fbc0_0;
    %flag_set/vec4 8;
    %jmp/0xz  T_1.2, 8;
    %load/vec4 v0x6424e172fb20_0;
    %ix/load 4, 1, 0;
    %flag_set/imm 4, 0;
    %shiftl 4;
    %store/vec4 v0x6424e172fb20_0, 0, 8;
    %jmp T_1.3;
T_1.2 ;
    %load/vec4 v0x6424e172fb20_0;
    %store/vec4 v0x6424e172fb20_0, 0, 8;
T_1.3 ;
T_1.1 ;
    %jmp T_1;
    .thread T_1;
    .scope S_0x6424e172e1b0;
T_2 ;
    %pushi/vec4 0, 0, 1;
    %store/vec4 v0x6424e16dfb50_0, 0, 1;
    %end;
    .thread T_2;
    .scope S_0x6424e172e1b0;
T_3 ;
    %wait E_0x6424e1712b90;
    %load/vec4 v0x6424e16df100_0;
    %pad/u 32;
    %cmpi/e 0, 0, 32;
    %flag_mov 8, 4;
    %jmp/0 T_3.0, 8;
    %pushi/vec4 1, 0, 1;
    %jmp/1 T_3.1, 8;
T_3.0 ; End of true expr.
    %pushi/vec4 0, 0, 1;
    %jmp/0 T_3.1, 8;
 ; End of false expr.
    %blend;
T_3.1;
    %store/vec4 v0x6424e16dfb50_0, 0, 1;
    %jmp T_3;
    .thread T_3, $push;
    .scope S_0x6424e16fc090;
T_4 ;
    %pushi/vec4 0, 0, 8;
    %store/vec4 v0x6424e1712030_0, 0, 8;
    %end;
    .thread T_4;
    .scope S_0x6424e16fc090;
T_5 ;
    %wait E_0x6424e16f9470;
    %load/vec4 v0x6424e170f130_0;
    %flag_set/vec4 8;
    %jmp/0xz  T_5.0, 8;
    %pushi/vec4 0, 0, 8;
    %store/vec4 v0x6424e1712030_0, 0, 8;
    %jmp T_5.1;
T_5.0 ;
    %load/vec4 v0x6424e17118f0_0;
    %flag_set/vec4 8;
    %jmp/0xz  T_5.2, 8;
    %load/vec4 v0x6424e1712030_0;
    %load/vec4 v0x6424e17113b0_0;
    %add;
    %store/vec4 v0x6424e1712030_0, 0, 8;
    %jmp T_5.3;
T_5.2 ;
    %load/vec4 v0x6424e1712030_0;
    %store/vec4 v0x6424e1712030_0, 0, 8;
T_5.3 ;
T_5.1 ;
    %jmp T_5;
    .thread T_5;
    .scope S_0x6424e172e570;
T_6 ;
    %pushi/vec4 0, 0, 1;
    %store/vec4 v0x6424e172ee80_0, 0, 1;
    %pushi/vec4 0, 0, 1;
    %store/vec4 v0x6424e172f230_0, 0, 1;
    %pushi/vec4 0, 0, 1;
    %store/vec4 v0x6424e172f0f0_0, 0, 1;
    %pushi/vec4 0, 0, 1;
    %store/vec4 v0x6424e172ec20_0, 0, 1;
    %pushi/vec4 0, 0, 3;
    %store/vec4 v0x6424e172f2f0_0, 0, 3;
    %end;
    .thread T_6;
    .scope S_0x6424e172e570;
T_7 ;
    %wait E_0x6424e17121d0;
    %load/vec4 v0x6424e172f190_0;
    %flag_set/vec4 8;
    %jmp/0xz  T_7.0, 8;
    %pushi/vec4 0, 0, 3;
    %store/vec4 v0x6424e172f2f0_0, 0, 3;
    %jmp T_7.1;
T_7.0 ;
    %load/vec4 v0x6424e172f2f0_0;
    %dup/vec4;
    %pushi/vec4 0, 0, 3;
    %cmp/u;
    %jmp/1 T_7.2, 6;
    %dup/vec4;
    %pushi/vec4 1, 0, 3;
    %cmp/u;
    %jmp/1 T_7.3, 6;
    %dup/vec4;
    %pushi/vec4 2, 0, 3;
    %cmp/u;
    %jmp/1 T_7.4, 6;
    %dup/vec4;
    %pushi/vec4 3, 0, 3;
    %cmp/u;
    %jmp/1 T_7.5, 6;
    %dup/vec4;
    %pushi/vec4 4, 0, 3;
    %cmp/u;
    %jmp/1 T_7.6, 6;
    %pushi/vec4 0, 0, 3;
    %store/vec4 v0x6424e172f2f0_0, 0, 3;
    %jmp T_7.8;
T_7.2 ;
    %pushi/vec4 0, 0, 1;
    %store/vec4 v0x6424e172ee80_0, 0, 1;
    %pushi/vec4 0, 0, 1;
    %store/vec4 v0x6424e172f230_0, 0, 1;
    %pushi/vec4 1, 0, 1;
    %store/vec4 v0x6424e172f0f0_0, 0, 1;
    %pushi/vec4 0, 0, 1;
    %store/vec4 v0x6424e172ec20_0, 0, 1;
    %pushi/vec4 0, 0, 4;
    %store/vec4 v0x6424e172edb0_0, 0, 4;
    %load/vec4 v0x6424e172ef20_0;
    %flag_set/vec4 8;
    %jmp/0xz  T_7.9, 8;
    %pushi/vec4 1, 0, 3;
    %store/vec4 v0x6424e172f2f0_0, 0, 3;
    %jmp T_7.10;
T_7.9 ;
    %pushi/vec4 0, 0, 3;
    %store/vec4 v0x6424e172f2f0_0, 0, 3;
T_7.10 ;
    %jmp T_7.8;
T_7.3 ;
    %pushi/vec4 0, 0, 1;
    %store/vec4 v0x6424e172ee80_0, 0, 1;
    %pushi/vec4 0, 0, 1;
    %store/vec4 v0x6424e172f230_0, 0, 1;
    %pushi/vec4 0, 0, 1;
    %store/vec4 v0x6424e172f0f0_0, 0, 1;
    %pushi/vec4 0, 0, 1;
    %store/vec4 v0x6424e172ec20_0, 0, 1;
    %load/vec4 v0x6424e172f030_0;
    %flag_set/vec4 8;
    %jmp/0xz  T_7.11, 8;
    %pushi/vec4 3, 0, 3;
    %store/vec4 v0x6424e172f2f0_0, 0, 3;
    %jmp T_7.12;
T_7.11 ;
    %pushi/vec4 2, 0, 3;
    %store/vec4 v0x6424e172f2f0_0, 0, 3;
T_7.12 ;
    %jmp T_7.8;
T_7.4 ;
    %pushi/vec4 0, 0, 1;
    %store/vec4 v0x6424e172ee80_0, 0, 1;
    %pushi/vec4 1, 0, 1;
    %store/vec4 v0x6424e172f230_0, 0, 1;
    %pushi/vec4 0, 0, 1;
    %store/vec4 v0x6424e172f0f0_0, 0, 1;
    %pushi/vec4 0, 0, 1;
    %store/vec4 v0x6424e172ec20_0, 0, 1;
    %load/vec4 v0x6424e172f4b0_0;
    %flag_set/vec4 8;
    %jmp/0xz  T_7.13, 8;
    %pushi/vec4 4, 0, 3;
    %store/vec4 v0x6424e172f2f0_0, 0, 3;
    %jmp T_7.14;
T_7.13 ;
    %pushi/vec4 1, 0, 3;
    %store/vec4 v0x6424e172f2f0_0, 0, 3;
T_7.14 ;
    %jmp T_7.8;
T_7.5 ;
    %pushi/vec4 0, 0, 1;
    %store/vec4 v0x6424e172ee80_0, 0, 1;
    %pushi/vec4 0, 0, 1;
    %store/vec4 v0x6424e172f230_0, 0, 1;
    %pushi/vec4 0, 0, 1;
    %store/vec4 v0x6424e172f0f0_0, 0, 1;
    %pushi/vec4 1, 0, 1;
    %store/vec4 v0x6424e172ec20_0, 0, 1;
    %pushi/vec4 2, 0, 3;
    %store/vec4 v0x6424e172f2f0_0, 0, 3;
    %jmp T_7.8;
T_7.6 ;
    %pushi/vec4 1, 0, 1;
    %store/vec4 v0x6424e172ee80_0, 0, 1;
    %pushi/vec4 0, 0, 1;
    %store/vec4 v0x6424e172f230_0, 0, 1;
    %pushi/vec4 0, 0, 1;
    %store/vec4 v0x6424e172f0f0_0, 0, 1;
    %pushi/vec4 0, 0, 1;
    %store/vec4 v0x6424e172ec20_0, 0, 1;
    %load/vec4 v0x6424e172edb0_0;
    %addi 1, 0, 4;
    %store/vec4 v0x6424e172edb0_0, 0, 4;
    %load/vec4 v0x6424e172edb0_0;
    %pad/u 32;
    %cmpi/u 9, 0, 32;
    %flag_or 5, 4; GT is !LE
    %flag_inv 5;
    %flag_mov 8, 5;
    %jmp/0 T_7.15, 8;
    %pushi/vec4 0, 0, 3;
    %jmp/1 T_7.16, 8;
T_7.15 ; End of true expr.
    %pushi/vec4 4, 0, 3;
    %jmp/0 T_7.16, 8;
 ; End of false expr.
    %blend;
T_7.16;
    %store/vec4 v0x6424e172f2f0_0, 0, 3;
    %jmp T_7.8;
T_7.8 ;
    %pop/vec4 1;
T_7.1 ;
    %jmp T_7;
    .thread T_7;
    .scope S_0x6424e172e570;
T_8 ;
    %wait E_0x6424e1712a60;
    %load/vec4 v0x6424e172f2f0_0;
    %dup/vec4;
    %pushi/vec4 0, 0, 3;
    %cmp/u;
    %jmp/1 T_8.0, 6;
    %dup/vec4;
    %pushi/vec4 1, 0, 3;
    %cmp/u;
    %jmp/1 T_8.1, 6;
    %dup/vec4;
    %pushi/vec4 2, 0, 3;
    %cmp/u;
    %jmp/1 T_8.2, 6;
    %dup/vec4;
    %pushi/vec4 3, 0, 3;
    %cmp/u;
    %jmp/1 T_8.3, 6;
    %dup/vec4;
    %pushi/vec4 4, 0, 3;
    %cmp/u;
    %jmp/1 T_8.4, 6;
    %jmp T_8.5;
T_8.0 ;
    %pushi/vec4 0, 0, 32; draw_string_vec4
    %pushi/vec4 0, 0, 32; draw_string_vec4
    %concat/vec4; draw_string_vec4
    %pushi/vec4 0, 0, 32; draw_string_vec4
    %concat/vec4; draw_string_vec4
    %pushi/vec4 0, 0, 32; draw_string_vec4
    %concat/vec4; draw_string_vec4
    %pushi/vec4 0, 0, 32; draw_string_vec4
    %concat/vec4; draw_string_vec4
    %pushi/vec4 0, 0, 32; draw_string_vec4
    %concat/vec4; draw_string_vec4
    %pushi/vec4 0, 0, 32; draw_string_vec4
    %concat/vec4; draw_string_vec4
    %pushi/vec4 0, 0, 32; draw_string_vec4
    %concat/vec4; draw_string_vec4
    %pushi/vec4 83, 0, 32; draw_string_vec4
    %concat/vec4; draw_string_vec4
    %pushi/vec4 1413567060, 0, 32; draw_string_vec4
    %concat/vec4; draw_string_vec4
    %store/vec4 v0x6424e172f3d0_0, 0, 320;
    %jmp T_8.5;
T_8.1 ;
    %pushi/vec4 0, 0, 32; draw_string_vec4
    %pushi/vec4 0, 0, 32; draw_string_vec4
    %concat/vec4; draw_string_vec4
    %pushi/vec4 0, 0, 32; draw_string_vec4
    %concat/vec4; draw_string_vec4
    %pushi/vec4 0, 0, 32; draw_string_vec4
    %concat/vec4; draw_string_vec4
    %pushi/vec4 0, 0, 32; draw_string_vec4
    %concat/vec4; draw_string_vec4
    %pushi/vec4 0, 0, 32; draw_string_vec4
    %concat/vec4; draw_string_vec4
    %pushi/vec4 0, 0, 32; draw_string_vec4
    %concat/vec4; draw_string_vec4
    %pushi/vec4 0, 0, 32; draw_string_vec4
    %concat/vec4; draw_string_vec4
    %pushi/vec4 67, 0, 32; draw_string_vec4
    %concat/vec4; draw_string_vec4
    %pushi/vec4 1212498763, 0, 32; draw_string_vec4
    %concat/vec4; draw_string_vec4
    %store/vec4 v0x6424e172f3d0_0, 0, 320;
    %jmp T_8.5;
T_8.2 ;
    %pushi/vec4 0, 0, 32; draw_string_vec4
    %pushi/vec4 0, 0, 32; draw_string_vec4
    %concat/vec4; draw_string_vec4
    %pushi/vec4 0, 0, 32; draw_string_vec4
    %concat/vec4; draw_string_vec4
    %pushi/vec4 0, 0, 32; draw_string_vec4
    %concat/vec4; draw_string_vec4
    %pushi/vec4 0, 0, 32; draw_string_vec4
    %concat/vec4; draw_string_vec4
    %pushi/vec4 0, 0, 32; draw_string_vec4
    %concat/vec4; draw_string_vec4
    %pushi/vec4 0, 0, 32; draw_string_vec4
    %concat/vec4; draw_string_vec4
    %pushi/vec4 0, 0, 32; draw_string_vec4
    %concat/vec4; draw_string_vec4
    %pushi/vec4 83, 0, 32; draw_string_vec4
    %concat/vec4; draw_string_vec4
    %pushi/vec4 1212761684, 0, 32; draw_string_vec4
    %concat/vec4; draw_string_vec4
    %store/vec4 v0x6424e172f3d0_0, 0, 320;
    %jmp T_8.5;
T_8.3 ;
    %pushi/vec4 0, 0, 32; draw_string_vec4
    %pushi/vec4 0, 0, 32; draw_string_vec4
    %concat/vec4; draw_string_vec4
    %pushi/vec4 0, 0, 32; draw_string_vec4
    %concat/vec4; draw_string_vec4
    %pushi/vec4 0, 0, 32; draw_string_vec4
    %concat/vec4; draw_string_vec4
    %pushi/vec4 0, 0, 32; draw_string_vec4
    %concat/vec4; draw_string_vec4
    %pushi/vec4 0, 0, 32; draw_string_vec4
    %concat/vec4; draw_string_vec4
    %pushi/vec4 0, 0, 32; draw_string_vec4
    %concat/vec4; draw_string_vec4
    %pushi/vec4 0, 0, 32; draw_string_vec4
    %concat/vec4; draw_string_vec4
    %pushi/vec4 0, 0, 32; draw_string_vec4
    %concat/vec4; draw_string_vec4
    %pushi/vec4 4277316, 0, 32; draw_string_vec4
    %concat/vec4; draw_string_vec4
    %store/vec4 v0x6424e172f3d0_0, 0, 320;
    %jmp T_8.5;
T_8.4 ;
    %pushi/vec4 0, 0, 32; draw_string_vec4
    %pushi/vec4 0, 0, 32; draw_string_vec4
    %concat/vec4; draw_string_vec4
    %pushi/vec4 0, 0, 32; draw_string_vec4
    %concat/vec4; draw_string_vec4
    %pushi/vec4 0, 0, 32; draw_string_vec4
    %concat/vec4; draw_string_vec4
    %pushi/vec4 0, 0, 32; draw_string_vec4
    %concat/vec4; draw_string_vec4
    %pushi/vec4 0, 0, 32; draw_string_vec4
    %concat/vec4; draw_string_vec4
    %pushi/vec4 0, 0, 32; draw_string_vec4
    %concat/vec4; draw_string_vec4
    %pushi/vec4 0, 0, 32; draw_string_vec4
    %concat/vec4; draw_string_vec4
    %pushi/vec4 0, 0, 32; draw_string_vec4
    %concat/vec4; draw_string_vec4
    %pushi/vec4 4542020, 0, 32; draw_string_vec4
    %concat/vec4; draw_string_vec4
    %store/vec4 v0x6424e172f3d0_0, 0, 320;
    %jmp T_8.5;
T_8.5 ;
    %pop/vec4 1;
    %jmp T_8;
    .thread T_8, $push;
    .scope S_0x6424e16fa950;
T_9 ;
    %wait E_0x6424e16f9470;
    %load/vec4 v0x6424e17317f0_0;
    %assign/vec4 v0x6424e1731750_0, 0;
    %jmp T_9;
    .thread T_9;
    .scope S_0x6424e16fa7c0;
T_10 ;
    %pushi/vec4 0, 0, 1;
    %store/vec4 v0x6424e17325b0_0, 0, 1;
    %pushi/vec4 0, 0, 1;
    %store/vec4 v0x6424e1732930_0, 0, 1;
    %pushi/vec4 0, 0, 1;
    %store/vec4 v0x6424e17327b0_0, 0, 1;
    %pushi/vec4 3, 0, 4;
    %store/vec4 v0x6424e1732040_0, 0, 4;
    %pushi/vec4 3, 0, 4;
    %store/vec4 v0x6424e1732120_0, 0, 4;
    %end;
    .thread T_10;
    .scope S_0x6424e16fa7c0;
T_11 ;
    %pushi/vec4 0, 0, 1;
    %assign/vec4 v0x6424e17325b0_0, 0;
    %end;
    .thread T_11;
    .scope S_0x6424e16fa7c0;
T_12 ;
    %delay 10000, 0;
    %load/vec4 v0x6424e17325b0_0;
    %inv;
    %assign/vec4 v0x6424e17325b0_0, 0;
    %jmp T_12;
    .thread T_12;
    .scope S_0x6424e16fa7c0;
T_13 ;
    %wait E_0x6424e16f9470;
    %pushi/vec4 1, 0, 1;
    %store/vec4 v0x6424e1732930_0, 0, 1;
    %wait E_0x6424e16f9470;
    %pushi/vec4 0, 0, 1;
    %store/vec4 v0x6424e1732930_0, 0, 1;
    %delay 80000, 0;
    %pushi/vec4 0, 0, 1;
    %store/vec4 v0x6424e17327b0_0, 0, 1;
    %wait E_0x6424e17121d0;
    %pushi/vec4 1, 0, 1;
    %store/vec4 v0x6424e17327b0_0, 0, 1;
    %delay 40000, 0;
    %pushi/vec4 0, 0, 1;
    %store/vec4 v0x6424e17327b0_0, 0, 1;
    %delay 1000000, 0;
    %wait E_0x6424e16f9470;
    %pushi/vec4 1, 0, 1;
    %store/vec4 v0x6424e1732930_0, 0, 1;
    %wait E_0x6424e16f9470;
    %pushi/vec4 0, 0, 1;
    %store/vec4 v0x6424e1732930_0, 0, 1;
    %delay 80000, 0;
    %pushi/vec4 0, 0, 1;
    %store/vec4 v0x6424e17327b0_0, 0, 1;
    %wait E_0x6424e17121d0;
    %pushi/vec4 1, 0, 1;
    %store/vec4 v0x6424e17327b0_0, 0, 1;
    %delay 40000, 0;
    %pushi/vec4 0, 0, 1;
    %store/vec4 v0x6424e17327b0_0, 0, 1;
    %delay 1000000, 0;
    %end;
    .thread T_13;
    .scope S_0x6424e16fa7c0;
T_14 ;
    %fork t_1, S_0x6424e1731e90;
    %jmp t_0;
    .scope S_0x6424e1731e90;
t_1 ;
    %vpi_call 2 88 "$dumpfile", "tt_um_mult_4_TB.vcd" {0 0 0};
    %vpi_call 2 89 "$dumpvars", 32'sb11111111111111111111111111111111, S_0x6424e16fa7c0 {0 0 0};
    %delay 2000000, 0;
    %vpi_call 2 90 "$finish" {0 0 0};
    %end;
    .scope S_0x6424e16fa7c0;
t_0 %join;
    %end;
    .thread T_14;
# The file index is used to find the file name in the following table.
:file_names 9;
    "N/A";
    "<interactive>";
    "tt_um_mult_4_TB.v";
    "src/mult_4.v";
    "src/acc.v";
    "src/comp.v";
    "src/control_mult.v";
    "src/lsr.v";
    "src/rsr.v";
