OpenROAD 41a51eaf4ca2171c92ff38afb91eb37bbd3f36da 
This program is licensed under the BSD-3 license. See the LICENSE file for details.
Components of this program may be licensed under more restrictive licenses which must be honored.
[INFO]: Reading ODB at '/openlane/designs/femto/runs/full_guide/results/cts/femto.odb'…
define_corners Slowest Typical Fastest
read_liberty -corner Slowest /home/sebastian/.ciel/sky130A/libs.ref/sky130_fd_sc_hd/lib/sky130_fd_sc_hd__ss_100C_1v60.lib
read_liberty -corner Typical /home/sebastian/.ciel/sky130A/libs.ref/sky130_fd_sc_hd/lib/sky130_fd_sc_hd__tt_025C_1v80.lib
read_liberty -corner Fastest /home/sebastian/.ciel/sky130A/libs.ref/sky130_fd_sc_hd/lib/sky130_fd_sc_hd__ff_n40C_1v95.lib
Using 1e-12 for capacitance...
Using 1e+03 for resistance...
Using 1e-09 for time...
Using 1e+00 for voltage...
Using 1e-03 for current...
Using 1e-09 for power...
Using 1e-06 for distance...
Reading design constraints file at '/openlane/designs/femto/runs/full_guide/results/cts/femto.sdc'…
[INFO]: Setting RC values...
[INFO RSZ-0045] Inserted 9 buffers, 1 to split loads.
[INFO RSZ-0041] Resized 24 instances.
[WARNING RSZ-0062] Unable to repair all setup violations.
[INFO RSZ-0046] Found 1259 endpoints with hold violations.
[INFO RSZ-0032] Inserted 1352 hold buffers.
Placement Analysis
---------------------------------
total displacement      11454.6 u
average displacement        0.7 u
max displacement           22.5 u
original HPWL          354338.5 u
legalized HPWL         373961.8 u
delta HPWL                    6 %

[INFO DPL-0020] Mirrored 5322 instances
[INFO DPL-0021] HPWL before          373961.8 u
[INFO DPL-0022] HPWL after           362295.0 u
[INFO DPL-0023] HPWL delta               -3.1 %
Setting global connections for newly added cells…
Writing OpenROAD database to '/openlane/designs/femto/runs/full_guide/tmp/cts/14-femto.resized.odb'…
Writing netlist to '/openlane/designs/femto/runs/full_guide/tmp/cts/14-femto.resized.nl.v'…
Writing powered netlist to '/openlane/designs/femto/runs/full_guide/tmp/cts/14-femto.resized.pnl.v'…
Writing layout to '/openlane/designs/femto/runs/full_guide/tmp/cts/14-femto.resized.def'…
Writing timing constraints to '/openlane/designs/femto/runs/full_guide/tmp/cts/14-femto.resized.sdc'…
area_report

===========================================================================
report_design_area
============================================================================
Design area 124366 u^2 63% utilization.
area_report_end
